170
0 0 0 11
1 0 1 11
3 0 3 11
4 0 4 11
5 0 5 11
6 0 6 11
7 0 7 11
8 0 8 11
10 0 10 11
11 0 11 11
12 0 12 11
13 0 13 11
14 0 14 11
15 0 15 11
16 0 16 11
17 0 17 11
18 0 18 11
19 0 19 11
20 0 20 11
21 0 21 11
22 0 22 11
23 0 23 11
24 0 24 11
25 0 25 11
26 0 26 11
27 0 27 11
28 0 28 11
29 0 29 11
30 0 30 11
31 0 31 11
32 0 32 11
33 0 33 11
35 0 35 11
36 0 36 11
37 0 37 11
38 0 38 11
41 0 41 11
42 0 42 11
43 0 43 11
44 0 44 11
45 0 45 11
47 0 47 11
49 0 49 11
50 0 50 11
51 0 51 11
52 0 52 11
53 0 53 11
54 0 54 11
55 0 55 11
56 0 56 11
57 0 57 11
58 0 58 11
59 0 59 11
61 0 61 11
62 0 62 11
64 0 64 11
65 0 65 11
66 0 66 11
67 0 67 11
68 0 68 11
69 0 69 11
70 0 70 11
71 0 71 11
72 0 72 11
73 0 73 11
74 0 74 11
75 0 75 11
76 0 76 11
77 0 77 11
78 0 78 11
79 0 79 11
80 0 80 11
81 0 81 11
82 0 82 11
83 0 83 11
84 0 84 11
86 0 86 11
87 0 87 11
88 0 88 11
89 0 89 11
90 0 90 11
91 0 91 11
92 0 92 11
93 0 93 11
94 0 94 11
95 0 95 11
96 0 96 11
98 0 98 11
99 0 99 11
100 0 100 11
101 0 101 11
102 0 102 11
103 0 103 11
105 0 105 11
106 0 106 11
107 0 107 11
108 0 108 11
109 0 109 11
110 0 110 11
112 0 112 11
113 0 113 11
114 0 114 11
115 0 115 11
117 0 117 11
118 0 118 11
120 0 120 11
121 0 121 11
124 0 124 11
125 0 125 11
127 0 127 11
128 0 128 11
130 0 130 11
131 0 131 11
132 0 132 11
135 0 135 11
136 0 136 11
137 0 137 11
138 0 138 11
139 0 139 11
140 0 140 11
141 0 141 11
142 0 142 11
143 0 143 11
144 0 144 11
145 0 145 11
146 0 146 11
147 0 147 11
148 0 148 11
149 0 149 11
151 0 151 11
152 0 152 11
153 0 153 11
154 0 154 11
157 0 157 11
158 0 158 11
160 0 160 11
161 0 161 11
162 0 162 11
163 0 163 11
165 0 165 11
166 0 166 11
168 0 168 11
169 0 169 11
170 0 170 11
171 0 171 11
172 0 172 11
173 0 173 11
174 0 174 11
175 0 175 11
176 0 176 11
177 0 177 11
178 0 178 11
179 0 179 11
180 0 180 11
181 0 181 11
182 0 182 11
183 0 183 11
185 0 185 11
186 0 186 11
187 0 187 11
188 0 188 11
189 0 189 11
190 0 190 11
191 0 191 11
192 0 192 11
193 0 193 11
194 0 194 11
195 0 195 11
197 0 197 11
198 0 198 11
