6378
0 14 0 27
0 56 0 69
0 70 0 83
0 84 0 97
0 98 0 111
0 126 0 139
0 140 0 153
1 0 1 13
1 14 1 27
1 56 1 69
1 70 1 83
1 84 1 97
1 126 1 139
1 140 1 153
2 0 2 13
2 14 2 27
2 28 2 41
2 42 2 55
2 56 2 69
2 84 2 97
2 112 2 125
2 126 2 139
2 140 2 153
3 0 3 13
3 14 3 27
3 28 3 41
3 98 3 111
3 112 3 125
3 126 3 139
3 140 3 153
4 0 4 13
4 14 4 27
4 28 4 41
4 56 4 69
4 112 4 125
4 140 4 153
5 0 5 13
5 14 5 27
5 28 5 41
5 98 5 111
6 14 6 27
6 28 6 41
6 42 6 55
6 56 6 69
6 70 6 83
6 84 6 97
6 98 6 111
6 126 6 139
7 0 7 13
7 14 7 27
7 28 7 41
7 42 7 55
7 70 7 83
7 98 7 111
8 0 8 13
8 14 8 27
8 56 8 69
8 84 8 97
8 98 8 111
8 126 8 139
8 140 8 153
9 14 9 27
9 28 9 41
9 56 9 69
9 70 9 83
9 84 9 97
9 126 9 139
9 140 9 153
10 28 10 41
10 42 10 55
10 84 10 97
10 112 10 125
10 126 10 139
10 140 10 153
11 0 11 13
11 28 11 41
11 42 11 55
11 56 11 69
11 84 11 97
11 98 11 111
11 112 11 125
11 126 11 139
12 14 12 27
12 28 12 41
12 42 12 55
12 70 12 83
12 84 12 97
12 98 12 111
12 126 12 139
13 0 13 13
13 42 13 55
13 56 13 69
13 84 13 97
13 98 13 111
13 112 13 125
13 140 13 153
14 42 14 55
14 56 14 69
14 70 14 83
14 84 14 97
14 98 14 111
14 112 14 125
14 126 14 139
14 140 14 153
15 14 15 27
15 70 15 83
15 140 15 153
16 14 16 27
16 28 16 41
16 42 16 55
16 56 16 69
16 112 16 125
16 126 16 139
16 140 16 153
17 14 17 27
17 42 17 55
17 56 17 69
17 70 17 83
17 98 17 111
17 112 17 125
17 140 17 153
18 14 18 27
18 28 18 41
18 84 18 97
18 98 18 111
18 126 18 139
19 14 19 27
19 28 19 41
19 56 19 69
19 98 19 111
19 126 19 139
19 140 19 153
20 14 20 27
20 42 20 55
20 70 20 83
20 84 20 97
20 98 20 111
21 42 21 55
21 84 21 97
21 126 21 139
21 140 21 153
22 14 22 27
22 42 22 55
22 56 22 69
22 70 22 83
22 84 22 97
22 98 22 111
22 112 22 125
22 126 22 139
22 140 22 153
23 28 23 41
23 42 23 55
23 56 23 69
23 70 23 83
23 140 23 153
24 14 24 27
24 42 24 55
24 70 24 83
24 84 24 97
24 98 24 111
24 126 24 139
25 0 25 13
25 14 25 27
25 42 25 55
25 56 25 69
25 70 25 83
25 84 25 97
25 126 25 139
26 28 26 41
26 42 26 55
26 70 26 83
26 84 26 97
26 98 26 111
26 112 26 125
26 126 26 139
26 140 26 153
27 0 27 13
27 42 27 55
27 70 27 83
27 84 27 97
27 98 27 111
27 140 27 153
28 0 28 13
28 42 28 55
28 98 28 111
28 112 28 125
28 126 28 139
28 140 28 153
29 28 29 41
29 42 29 55
29 56 29 69
29 70 29 83
29 84 29 97
29 98 29 111
29 112 29 125
29 126 29 139
29 140 29 153
30 0 30 13
30 14 30 27
30 42 30 55
30 56 30 69
30 70 30 83
30 84 30 97
30 98 30 111
30 140 30 153
31 28 31 41
31 84 31 97
31 112 31 125
31 140 31 153
32 0 32 13
32 14 32 27
32 28 32 41
32 84 32 97
32 98 32 111
32 126 32 139
33 0 33 13
33 28 33 41
33 42 33 55
33 56 33 69
33 98 33 111
33 112 33 125
33 126 33 139
33 140 33 153
34 70 34 83
34 84 34 97
34 112 34 125
34 126 34 139
34 140 34 153
35 0 35 13
35 14 35 27
35 56 35 69
35 70 35 83
35 112 35 125
36 0 36 13
36 28 36 41
36 56 36 69
36 70 36 83
36 112 36 125
36 126 36 139
37 0 37 13
37 14 37 27
37 28 37 41
37 42 37 55
37 56 37 69
37 98 37 111
37 112 37 125
37 140 37 153
38 0 38 13
38 14 38 27
38 28 38 41
38 56 38 69
38 70 38 83
38 84 38 97
38 112 38 125
38 126 38 139
38 140 38 153
39 28 39 41
39 42 39 55
39 70 39 83
39 126 39 139
39 140 39 153
40 0 40 13
40 28 40 41
40 56 40 69
40 84 40 97
40 98 40 111
40 112 40 125
40 126 40 139
40 140 40 153
41 14 41 27
41 28 41 41
41 42 41 55
41 70 41 83
41 84 41 97
41 98 41 111
41 112 41 125
41 140 41 153
42 28 42 41
42 70 42 83
42 84 42 97
43 42 43 55
43 56 43 69
43 70 43 83
43 98 43 111
43 112 43 125
43 126 43 139
43 140 43 153
44 0 44 13
44 14 44 27
44 70 44 83
44 84 44 97
44 98 44 111
44 112 44 125
44 126 44 139
44 140 44 153
45 14 45 27
45 28 45 41
45 56 45 69
45 70 45 83
45 84 45 97
45 98 45 111
45 112 45 125
45 140 45 153
46 14 46 27
46 28 46 41
46 42 46 55
46 112 46 125
46 126 46 139
46 140 46 153
47 0 47 13
47 14 47 27
47 28 47 41
47 42 47 55
47 70 47 83
47 84 47 97
47 98 47 111
47 126 47 139
47 140 47 153
48 0 48 13
48 14 48 27
48 28 48 41
48 42 48 55
48 56 48 69
48 98 48 111
48 126 48 139
48 140 48 153
49 28 49 41
49 42 49 55
49 70 49 83
49 98 49 111
49 112 49 125
50 0 50 13
50 14 50 27
50 28 50 41
50 42 50 55
50 84 50 97
50 112 50 125
50 126 50 139
50 140 50 153
51 0 51 13
51 14 51 27
51 28 51 41
51 56 51 69
51 70 51 83
51 84 51 97
51 112 51 125
51 126 51 139
52 14 52 27
52 28 52 41
52 42 52 55
52 56 52 69
52 70 52 83
52 84 52 97
52 98 52 111
53 0 53 13
53 14 53 27
53 28 53 41
53 42 53 55
53 56 53 69
53 84 53 97
53 98 53 111
53 112 53 125
53 126 53 139
54 0 54 13
54 70 54 83
54 112 54 125
54 126 54 139
55 0 55 13
55 28 55 41
55 42 55 55
55 56 55 69
55 84 55 97
55 98 55 111
55 112 55 125
56 14 56 27
56 98 56 111
56 112 56 125
56 140 56 153
57 0 57 13
57 14 57 27
57 28 57 41
57 56 57 69
57 70 57 83
57 98 57 111
57 112 57 125
57 126 57 139
57 140 57 153
58 14 58 27
58 126 58 139
59 0 59 13
59 42 59 55
59 70 59 83
59 84 59 97
59 98 59 111
59 126 59 139
60 0 60 13
60 14 60 27
60 42 60 55
60 56 60 69
60 70 60 83
60 98 60 111
60 126 60 139
61 14 61 27
61 42 61 55
61 70 61 83
61 84 61 97
61 98 61 111
61 112 61 125
61 140 61 153
62 0 62 13
62 14 62 27
62 28 62 41
62 42 62 55
62 70 62 83
62 98 62 111
62 112 62 125
62 140 62 153
63 14 63 27
63 28 63 41
63 42 63 55
63 56 63 69
63 70 63 83
63 84 63 97
63 98 63 111
63 112 63 125
63 126 63 139
63 140 63 153
64 14 64 27
64 42 64 55
64 56 64 69
64 98 64 111
64 140 64 153
65 0 65 13
65 28 65 41
65 70 65 83
65 84 65 97
65 98 65 111
65 126 65 139
65 140 65 153
66 0 66 13
66 14 66 27
66 28 66 41
66 42 66 55
66 56 66 69
66 84 66 97
67 14 67 27
67 28 67 41
67 42 67 55
67 56 67 69
67 70 67 83
67 84 67 97
67 98 67 111
67 126 67 139
68 0 68 13
68 14 68 27
68 28 68 41
68 56 68 69
68 70 68 83
68 84 68 97
68 112 68 125
69 0 69 13
69 28 69 41
69 42 69 55
69 70 69 83
69 84 69 97
69 98 69 111
69 112 69 125
70 0 70 13
70 14 70 27
70 56 70 69
70 84 70 97
70 112 70 125
70 126 70 139
71 14 71 27
71 28 71 41
71 42 71 55
71 56 71 69
71 70 71 83
71 84 71 97
71 112 71 125
71 126 71 139
72 28 72 41
72 42 72 55
72 70 72 83
72 84 72 97
73 28 73 41
73 42 73 55
73 70 73 83
73 84 73 97
73 112 73 125
73 140 73 153
74 0 74 13
74 28 74 41
74 42 74 55
74 70 74 83
74 112 74 125
75 0 75 13
75 70 75 83
75 98 75 111
75 112 75 125
75 126 75 139
75 140 75 153
76 0 76 13
76 14 76 27
76 28 76 41
76 42 76 55
76 56 76 69
76 84 76 97
76 112 76 125
76 140 76 153
77 0 77 13
77 56 77 69
77 70 77 83
77 84 77 97
77 98 77 111
78 0 78 13
78 42 78 55
78 56 78 69
78 70 78 83
78 84 78 97
78 112 78 125
78 140 78 153
79 0 79 13
79 14 79 27
79 28 79 41
79 56 79 69
79 70 79 83
79 84 79 97
79 98 79 111
80 14 80 27
80 28 80 41
80 56 80 69
80 70 80 83
80 84 80 97
80 98 80 111
80 112 80 125
80 140 80 153
81 0 81 13
81 28 81 41
81 42 81 55
81 56 81 69
81 70 81 83
81 112 81 125
81 126 81 139
82 0 82 13
82 14 82 27
82 28 82 41
82 42 82 55
82 56 82 69
82 70 82 83
82 84 82 97
82 112 82 125
82 126 82 139
82 140 82 153
83 0 83 13
83 28 83 41
83 70 83 83
83 126 83 139
83 140 83 153
84 14 84 27
84 42 84 55
84 56 84 69
84 84 84 97
84 140 84 153
85 14 85 27
85 42 85 55
85 56 85 69
85 70 85 83
85 98 85 111
85 112 85 125
85 140 85 153
86 14 86 27
86 28 86 41
86 42 86 55
86 56 86 69
86 84 86 97
86 112 86 125
86 140 86 153
87 14 87 27
87 70 87 83
87 84 87 97
87 98 87 111
87 112 87 125
88 14 88 27
88 70 88 83
88 84 88 97
89 0 89 13
89 14 89 27
89 28 89 41
89 42 89 55
89 70 89 83
89 84 89 97
89 112 89 125
89 126 89 139
90 0 90 13
90 28 90 41
90 98 90 111
90 126 90 139
91 0 91 13
91 28 91 41
91 56 91 69
91 70 91 83
91 98 91 111
91 112 91 125
92 0 92 13
92 14 92 27
92 28 92 41
92 56 92 69
92 70 92 83
92 112 92 125
92 126 92 139
93 28 93 41
93 56 93 69
93 70 93 83
93 84 93 97
94 28 94 41
94 42 94 55
94 70 94 83
94 84 94 97
95 14 95 27
95 42 95 55
95 56 95 69
95 70 95 83
95 84 95 97
95 112 95 125
95 126 95 139
95 140 95 153
96 0 96 13
96 42 96 55
96 84 96 97
96 98 96 111
96 112 96 125
96 140 96 153
97 0 97 13
97 14 97 27
97 56 97 69
97 112 97 125
97 140 97 153
98 14 98 27
98 28 98 41
98 42 98 55
98 56 98 69
98 70 98 83
98 98 98 111
98 112 98 125
98 126 98 139
98 140 98 153
99 0 99 13
99 14 99 27
99 56 99 69
99 70 99 83
99 98 99 111
99 112 99 125
99 126 99 139
100 0 100 13
100 14 100 27
100 28 100 41
100 56 100 69
100 70 100 83
100 98 100 111
100 126 100 139
101 14 101 27
101 42 101 55
101 56 101 69
101 126 101 139
102 0 102 13
102 28 102 41
102 42 102 55
102 70 102 83
102 84 102 97
102 98 102 111
102 112 102 125
102 126 102 139
103 28 103 41
103 56 103 69
103 70 103 83
103 98 103 111
104 0 104 13
104 42 104 55
104 56 104 69
104 84 104 97
104 98 104 111
104 112 104 125
104 126 104 139
105 0 105 13
105 56 105 69
105 98 105 111
105 112 105 125
105 126 105 139
105 140 105 153
106 14 106 27
106 84 106 97
106 112 106 125
106 126 106 139
107 0 107 13
107 42 107 55
107 56 107 69
107 70 107 83
107 84 107 97
107 112 107 125
107 140 107 153
108 14 108 27
108 56 108 69
108 70 108 83
108 84 108 97
108 112 108 125
109 0 109 13
109 56 109 69
109 70 109 83
109 84 109 97
109 112 109 125
109 140 109 153
110 0 110 13
110 14 110 27
110 28 110 41
110 42 110 55
110 56 110 69
110 84 110 97
110 112 110 125
110 126 110 139
110 140 110 153
111 28 111 41
111 42 111 55
111 84 111 97
111 112 111 125
111 126 111 139
112 0 112 13
112 14 112 27
112 56 112 69
112 70 112 83
112 84 112 97
112 98 112 111
112 126 112 139
112 140 112 153
113 14 113 27
113 28 113 41
113 70 113 83
113 84 113 97
113 98 113 111
114 0 114 13
114 42 114 55
114 56 114 69
114 98 114 111
114 112 114 125
114 140 114 153
115 0 115 13
115 14 115 27
115 56 115 69
115 84 115 97
115 126 115 139
115 140 115 153
116 14 116 27
116 56 116 69
116 84 116 97
116 98 116 111
116 126 116 139
116 140 116 153
117 0 117 13
117 28 117 41
117 42 117 55
117 70 117 83
117 112 117 125
117 126 117 139
118 0 118 13
118 42 118 55
118 56 118 69
118 70 118 83
118 98 118 111
118 112 118 125
118 140 118 153
119 0 119 13
119 56 119 69
119 70 119 83
119 84 119 97
119 98 119 111
119 112 119 125
120 28 120 41
120 42 120 55
120 56 120 69
120 70 120 83
120 84 120 97
120 98 120 111
120 112 120 125
121 42 121 55
121 56 121 69
121 70 121 83
121 98 121 111
121 112 121 125
121 140 121 153
122 14 122 27
122 28 122 41
122 70 122 83
122 84 122 97
122 98 122 111
122 112 122 125
123 28 123 41
123 56 123 69
123 84 123 97
123 126 123 139
123 140 123 153
124 0 124 13
124 14 124 27
124 28 124 41
124 70 124 83
124 98 124 111
124 140 124 153
125 0 125 13
125 14 125 27
125 56 125 69
125 70 125 83
125 84 125 97
125 98 125 111
125 126 125 139
125 140 125 153
126 0 126 13
126 42 126 55
126 70 126 83
126 84 126 97
126 98 126 111
126 112 126 125
126 126 126 139
127 0 127 13
127 14 127 27
127 28 127 41
127 42 127 55
127 56 127 69
127 84 127 97
127 98 127 111
127 126 127 139
127 140 127 153
128 0 128 13
128 14 128 27
128 28 128 41
128 42 128 55
128 56 128 69
128 112 128 125
128 126 128 139
129 0 129 13
129 14 129 27
129 28 129 41
129 42 129 55
129 98 129 111
129 112 129 125
129 140 129 153
130 0 130 13
130 14 130 27
130 98 130 111
130 112 130 125
130 140 130 153
131 0 131 13
131 14 131 27
131 42 131 55
131 56 131 69
131 70 131 83
131 98 131 111
131 112 131 125
131 126 131 139
131 140 131 153
132 0 132 13
132 28 132 41
132 112 132 125
132 140 132 153
133 28 133 41
133 56 133 69
133 98 133 111
133 112 133 125
133 126 133 139
133 140 133 153
134 0 134 13
134 14 134 27
134 42 134 55
134 56 134 69
134 70 134 83
134 98 134 111
134 112 134 125
134 126 134 139
134 140 134 153
135 28 135 41
135 42 135 55
135 70 135 83
135 98 135 111
135 126 135 139
136 0 136 13
136 28 136 41
136 42 136 55
136 84 136 97
136 98 136 111
136 112 136 125
136 126 136 139
136 140 136 153
137 0 137 13
137 14 137 27
137 28 137 41
137 42 137 55
137 56 137 69
137 84 137 97
137 98 137 111
137 112 137 125
138 0 138 13
138 14 138 27
138 28 138 41
138 84 138 97
138 98 138 111
138 140 138 153
139 28 139 41
139 56 139 69
139 84 139 97
139 98 139 111
139 112 139 125
140 28 140 41
140 70 140 83
140 84 140 97
140 98 140 111
140 126 140 139
140 140 140 153
141 0 141 13
141 42 141 55
141 84 141 97
141 126 141 139
141 140 141 153
142 0 142 13
142 14 142 27
142 42 142 55
142 98 142 111
142 126 142 139
142 140 142 153
143 70 143 83
143 112 143 125
144 0 144 13
144 14 144 27
144 28 144 41
144 42 144 55
144 56 144 69
144 70 144 83
144 98 144 111
144 126 144 139
144 140 144 153
145 0 145 13
145 56 145 69
145 70 145 83
145 98 145 111
145 112 145 125
145 140 145 153
146 14 146 27
146 28 146 41
146 56 146 69
146 70 146 83
146 84 146 97
146 98 146 111
146 112 146 125
146 126 146 139
147 0 147 13
147 14 147 27
147 42 147 55
147 84 147 97
147 112 147 125
147 126 147 139
147 140 147 153
148 14 148 27
148 28 148 41
148 42 148 55
148 84 148 97
148 126 148 139
149 14 149 27
149 42 149 55
149 56 149 69
149 70 149 83
149 112 149 125
149 140 149 153
150 14 150 27
150 28 150 41
150 42 150 55
150 70 150 83
150 84 150 97
150 112 150 125
150 126 150 139
151 28 151 41
151 42 151 55
151 56 151 69
151 70 151 83
151 84 151 97
151 98 151 111
151 140 151 153
152 14 152 27
152 56 152 69
152 112 152 125
152 140 152 153
153 0 153 13
153 14 153 27
153 28 153 41
153 42 153 55
153 84 153 97
153 126 153 139
154 14 154 27
154 42 154 55
154 56 154 69
154 70 154 83
154 112 154 125
154 126 154 139
155 14 155 27
155 28 155 41
155 84 155 97
155 112 155 125
155 126 155 139
156 0 156 13
156 14 156 27
156 28 156 41
156 42 156 55
156 56 156 69
156 70 156 83
156 140 156 153
157 0 157 13
157 28 157 41
157 42 157 55
157 84 157 97
157 98 157 111
157 112 157 125
157 126 157 139
157 140 157 153
158 0 158 13
158 28 158 41
158 56 158 69
158 70 158 83
158 84 158 97
158 98 158 111
158 112 158 125
158 126 158 139
158 140 158 153
159 42 159 55
159 56 159 69
159 70 159 83
159 98 159 111
159 126 159 139
159 140 159 153
160 0 160 13
160 28 160 41
160 42 160 55
160 98 160 111
160 126 160 139
161 14 161 27
161 84 161 97
161 98 161 111
161 140 161 153
162 14 162 27
162 28 162 41
162 42 162 55
162 56 162 69
162 84 162 97
162 98 162 111
162 112 162 125
162 140 162 153
163 0 163 13
163 14 163 27
163 42 163 55
163 56 163 69
163 70 163 83
163 98 163 111
163 112 163 125
163 126 163 139
164 0 164 13
164 42 164 55
164 70 164 83
164 98 164 111
164 112 164 125
164 140 164 153
165 28 165 41
165 70 165 83
165 84 165 97
165 98 165 111
165 140 165 153
166 0 166 13
166 14 166 27
166 28 166 41
166 42 166 55
166 56 166 69
166 84 166 97
166 98 166 111
166 112 166 125
166 140 166 153
167 14 167 27
167 42 167 55
167 98 167 111
167 112 167 125
167 140 167 153
168 28 168 41
168 70 168 83
168 84 168 97
168 140 168 153
169 0 169 13
169 14 169 27
169 42 169 55
169 84 169 97
169 112 169 125
169 126 169 139
169 140 169 153
170 14 170 27
170 28 170 41
170 42 170 55
170 56 170 69
170 70 170 83
170 84 170 97
170 112 170 125
170 126 170 139
171 56 171 69
171 70 171 83
171 84 171 97
172 14 172 27
172 42 172 55
172 84 172 97
172 98 172 111
172 126 172 139
172 140 172 153
173 14 173 27
173 42 173 55
173 70 173 83
173 98 173 111
173 112 173 125
173 126 173 139
174 0 174 13
174 42 174 55
174 56 174 69
174 70 174 83
174 84 174 97
174 98 174 111
174 112 174 125
174 126 174 139
175 0 175 13
175 14 175 27
175 42 175 55
175 56 175 69
175 70 175 83
175 98 175 111
175 126 175 139
175 140 175 153
176 0 176 13
176 14 176 27
176 28 176 41
176 70 176 83
176 84 176 97
176 98 176 111
176 126 176 139
176 140 176 153
177 0 177 13
177 14 177 27
177 28 177 41
177 84 177 97
177 98 177 111
177 112 177 125
177 140 177 153
178 0 178 13
178 42 178 55
178 70 178 83
178 84 178 97
178 98 178 111
178 112 178 125
178 126 178 139
179 0 179 13
179 28 179 41
179 56 179 69
179 84 179 97
179 98 179 111
179 112 179 125
179 126 179 139
179 140 179 153
180 14 180 27
180 28 180 41
180 56 180 69
180 98 180 111
180 112 180 125
181 0 181 13
181 14 181 27
181 28 181 41
181 42 181 55
181 56 181 69
181 70 181 83
181 98 181 111
181 126 181 139
182 0 182 13
182 42 182 55
182 84 182 97
182 98 182 111
183 0 183 13
183 14 183 27
183 28 183 41
183 42 183 55
183 84 183 97
183 98 183 111
183 112 183 125
183 140 183 153
184 42 184 55
184 56 184 69
184 84 184 97
184 98 184 111
184 112 184 125
184 126 184 139
185 0 185 13
185 14 185 27
185 28 185 41
185 56 185 69
185 112 185 125
185 126 185 139
186 0 186 13
186 28 186 41
186 42 186 55
186 56 186 69
186 70 186 83
186 84 186 97
186 112 186 125
186 126 186 139
186 140 186 153
187 0 187 13
187 14 187 27
187 28 187 41
187 42 187 55
187 56 187 69
187 98 187 111
187 140 187 153
188 0 188 13
188 14 188 27
188 28 188 41
188 42 188 55
188 84 188 97
188 98 188 111
188 126 188 139
188 140 188 153
189 14 189 27
189 42 189 55
189 70 189 83
189 126 189 139
190 0 190 13
190 14 190 27
190 42 190 55
190 56 190 69
190 70 190 83
190 84 190 97
190 98 190 111
190 112 190 125
190 140 190 153
191 0 191 13
191 14 191 27
191 84 191 97
191 98 191 111
191 112 191 125
191 126 191 139
192 42 192 55
192 56 192 69
192 126 192 139
192 140 192 153
193 42 193 55
193 56 193 69
193 84 193 97
193 98 193 111
193 112 193 125
194 42 194 55
194 56 194 69
194 70 194 83
194 98 194 111
194 126 194 139
195 0 195 13
195 42 195 55
195 70 195 83
195 98 195 111
195 112 195 125
195 140 195 153
196 14 196 27
196 28 196 41
196 70 196 83
196 84 196 97
197 0 197 13
197 42 197 55
197 70 197 83
197 84 197 97
197 98 197 111
197 112 197 125
197 126 197 139
197 140 197 153
198 42 198 55
198 56 198 69
198 70 198 83
198 98 198 111
198 126 198 139
198 140 198 153
199 14 199 27
199 56 199 69
199 70 199 83
199 84 199 97
199 98 199 111
199 112 199 125
200 0 200 13
200 28 200 41
200 42 200 55
200 70 200 83
200 84 200 97
200 112 200 125
200 126 200 139
201 0 201 13
201 56 201 69
201 70 201 83
201 112 201 125
201 140 201 153
202 14 202 27
202 56 202 69
202 84 202 97
202 112 202 125
202 140 202 153
203 70 203 83
203 84 203 97
203 98 203 111
203 112 203 125
203 126 203 139
204 42 204 55
204 56 204 69
204 84 204 97
204 98 204 111
204 112 204 125
204 126 204 139
205 28 205 41
205 42 205 55
205 56 205 69
205 84 205 97
205 98 205 111
205 112 205 125
205 126 205 139
205 140 205 153
206 14 206 27
206 42 206 55
206 56 206 69
206 70 206 83
206 84 206 97
206 140 206 153
207 0 207 13
207 14 207 27
207 42 207 55
207 56 207 69
207 84 207 97
207 98 207 111
207 112 207 125
208 98 208 111
208 112 208 125
208 126 208 139
209 28 209 41
209 56 209 69
209 84 209 97
209 112 209 125
209 126 209 139
209 140 209 153
210 0 210 13
210 14 210 27
210 28 210 41
210 42 210 55
210 70 210 83
210 112 210 125
210 140 210 153
211 0 211 13
211 14 211 27
211 70 211 83
211 84 211 97
211 98 211 111
211 126 211 139
212 42 212 55
212 56 212 69
212 70 212 83
212 112 212 125
212 140 212 153
213 28 213 41
213 70 213 83
213 98 213 111
213 112 213 125
213 140 213 153
214 14 214 27
214 28 214 41
214 84 214 97
214 140 214 153
215 0 215 13
215 14 215 27
215 42 215 55
215 56 215 69
215 70 215 83
215 84 215 97
215 112 215 125
215 126 215 139
216 0 216 13
216 14 216 27
216 28 216 41
216 70 216 83
216 98 216 111
216 112 216 125
216 126 216 139
217 14 217 27
217 28 217 41
217 42 217 55
217 70 217 83
217 84 217 97
217 98 217 111
217 126 217 139
217 140 217 153
218 0 218 13
218 14 218 27
218 28 218 41
218 42 218 55
218 70 218 83
218 98 218 111
218 112 218 125
218 140 218 153
219 28 219 41
219 56 219 69
219 140 219 153
220 0 220 13
220 14 220 27
220 42 220 55
220 56 220 69
220 70 220 83
221 0 221 13
221 14 221 27
221 56 221 69
221 98 221 111
221 140 221 153
222 0 222 13
222 14 222 27
222 42 222 55
222 70 222 83
222 84 222 97
222 98 222 111
222 112 222 125
222 140 222 153
223 0 223 13
223 14 223 27
223 98 223 111
223 112 223 125
223 126 223 139
224 28 224 41
224 42 224 55
224 98 224 111
224 112 224 125
224 126 224 139
225 14 225 27
225 42 225 55
225 56 225 69
225 84 225 97
225 98 225 111
225 112 225 125
225 140 225 153
226 0 226 13
226 42 226 55
226 84 226 97
226 98 226 111
226 112 226 125
227 0 227 13
227 28 227 41
227 140 227 153
228 56 228 69
228 84 228 97
228 112 228 125
228 126 228 139
229 14 229 27
229 28 229 41
229 70 229 83
229 98 229 111
229 112 229 125
229 140 229 153
230 0 230 13
230 28 230 41
230 42 230 55
230 56 230 69
230 70 230 83
230 84 230 97
230 126 230 139
231 28 231 41
231 42 231 55
231 70 231 83
231 84 231 97
231 98 231 111
231 140 231 153
232 0 232 13
232 14 232 27
232 28 232 41
232 56 232 69
232 84 232 97
232 98 232 111
233 14 233 27
233 42 233 55
233 56 233 69
233 70 233 83
233 112 233 125
233 140 233 153
234 0 234 13
234 14 234 27
234 28 234 41
234 84 234 97
234 98 234 111
234 112 234 125
234 126 234 139
234 140 234 153
235 14 235 27
235 42 235 55
235 56 235 69
235 70 235 83
235 112 235 125
236 0 236 13
236 14 236 27
236 70 236 83
236 98 236 111
236 112 236 125
236 126 236 139
237 0 237 13
237 14 237 27
237 70 237 83
237 84 237 97
237 98 237 111
237 140 237 153
238 0 238 13
238 14 238 27
238 28 238 41
238 84 238 97
238 126 238 139
238 140 238 153
239 98 239 111
239 112 239 125
239 126 239 139
239 140 239 153
240 0 240 13
240 14 240 27
240 28 240 41
240 42 240 55
240 56 240 69
240 84 240 97
240 112 240 125
241 28 241 41
241 42 241 55
241 56 241 69
241 84 241 97
241 98 241 111
241 126 241 139
241 140 241 153
242 0 242 13
242 14 242 27
242 42 242 55
242 56 242 69
242 70 242 83
242 98 242 111
242 126 242 139
243 14 243 27
243 84 243 97
243 98 243 111
243 112 243 125
243 126 243 139
244 28 244 41
244 42 244 55
244 56 244 69
244 84 244 97
244 126 244 139
244 140 244 153
245 14 245 27
245 42 245 55
245 70 245 83
245 84 245 97
245 98 245 111
246 0 246 13
246 14 246 27
246 70 246 83
246 84 246 97
246 98 246 111
246 126 246 139
246 140 246 153
247 0 247 13
247 28 247 41
247 56 247 69
247 98 247 111
247 126 247 139
248 0 248 13
248 14 248 27
248 42 248 55
248 56 248 69
248 84 248 97
248 98 248 111
248 112 248 125
248 126 248 139
248 140 248 153
249 0 249 13
249 56 249 69
249 70 249 83
249 98 249 111
249 112 249 125
249 126 249 139
249 140 249 153
250 0 250 13
250 14 250 27
250 28 250 41
250 42 250 55
250 56 250 69
250 70 250 83
250 98 250 111
250 112 250 125
250 126 250 139
250 140 250 153
251 0 251 13
251 14 251 27
251 28 251 41
251 42 251 55
251 56 251 69
251 70 251 83
251 84 251 97
251 126 251 139
252 28 252 41
252 56 252 69
252 84 252 97
252 98 252 111
252 112 252 125
252 140 252 153
253 28 253 41
253 56 253 69
253 70 253 83
253 112 253 125
254 14 254 27
254 28 254 41
254 70 254 83
254 98 254 111
254 126 254 139
254 140 254 153
255 0 255 13
255 14 255 27
255 28 255 41
255 56 255 69
255 98 255 111
255 112 255 125
255 140 255 153
256 0 256 13
256 28 256 41
256 70 256 83
256 112 256 125
256 140 256 153
257 14 257 27
257 28 257 41
257 42 257 55
257 56 257 69
257 70 257 83
257 112 257 125
257 126 257 139
258 0 258 13
258 14 258 27
258 28 258 41
258 56 258 69
258 112 258 125
258 140 258 153
259 0 259 13
259 14 259 27
259 28 259 41
259 42 259 55
259 56 259 69
259 98 259 111
259 126 259 139
260 0 260 13
260 56 260 69
260 70 260 83
260 84 260 97
260 112 260 125
260 126 260 139
260 140 260 153
261 56 261 69
261 84 261 97
261 98 261 111
261 112 261 125
261 126 261 139
261 140 261 153
262 14 262 27
262 42 262 55
262 126 262 139
263 14 263 27
263 28 263 41
263 42 263 55
263 56 263 69
263 70 263 83
263 98 263 111
263 112 263 125
263 140 263 153
264 0 264 13
264 56 264 69
264 70 264 83
264 98 264 111
264 112 264 125
264 126 264 139
264 140 264 153
265 0 265 13
265 14 265 27
265 56 265 69
265 98 265 111
265 112 265 125
265 126 265 139
265 140 265 153
266 0 266 13
266 28 266 41
266 42 266 55
266 70 266 83
266 84 266 97
266 98 266 111
266 112 266 125
266 126 266 139
266 140 266 153
267 14 267 27
267 42 267 55
267 56 267 69
267 70 267 83
267 98 267 111
267 112 267 125
267 126 267 139
268 14 268 27
268 28 268 41
268 42 268 55
268 70 268 83
268 84 268 97
268 112 268 125
268 140 268 153
269 42 269 55
269 56 269 69
269 98 269 111
269 140 269 153
270 0 270 13
270 28 270 41
270 56 270 69
270 70 270 83
270 98 270 111
270 112 270 125
270 126 270 139
271 0 271 13
271 14 271 27
271 28 271 41
271 42 271 55
271 56 271 69
271 70 271 83
271 84 271 97
271 98 271 111
271 112 271 125
271 126 271 139
272 42 272 55
272 56 272 69
272 112 272 125
272 126 272 139
272 140 272 153
273 14 273 27
273 84 273 97
273 98 273 111
273 140 273 153
274 0 274 13
274 42 274 55
274 84 274 97
274 98 274 111
274 126 274 139
274 140 274 153
275 0 275 13
275 14 275 27
275 42 275 55
275 56 275 69
275 84 275 97
275 98 275 111
275 112 275 125
275 126 275 139
275 140 275 153
276 28 276 41
276 42 276 55
276 56 276 69
276 84 276 97
276 98 276 111
276 112 276 125
276 140 276 153
277 0 277 13
277 14 277 27
277 70 277 83
277 98 277 111
277 112 277 125
277 126 277 139
278 0 278 13
278 28 278 41
278 42 278 55
278 70 278 83
278 84 278 97
278 98 278 111
278 112 278 125
278 126 278 139
279 14 279 27
279 42 279 55
279 56 279 69
279 70 279 83
279 84 279 97
279 98 279 111
279 126 279 139
279 140 279 153
280 14 280 27
280 42 280 55
280 70 280 83
280 126 280 139
280 140 280 153
281 0 281 13
281 14 281 27
281 28 281 41
281 56 281 69
281 70 281 83
281 84 281 97
281 112 281 125
282 14 282 27
282 28 282 41
282 42 282 55
282 98 282 111
282 112 282 125
282 126 282 139
282 140 282 153
283 14 283 27
283 28 283 41
283 42 283 55
283 56 283 69
283 70 283 83
283 98 283 111
284 0 284 13
284 28 284 41
284 42 284 55
284 70 284 83
284 84 284 97
284 126 284 139
284 140 284 153
285 0 285 13
285 14 285 27
285 28 285 41
285 42 285 55
285 84 285 97
285 112 285 125
285 140 285 153
286 0 286 13
286 28 286 41
286 56 286 69
286 84 286 97
286 112 286 125
287 0 287 13
287 14 287 27
287 28 287 41
287 56 287 69
287 84 287 97
287 112 287 125
287 126 287 139
288 0 288 13
288 14 288 27
288 42 288 55
288 56 288 69
288 84 288 97
288 98 288 111
288 112 288 125
288 126 288 139
288 140 288 153
289 0 289 13
289 14 289 27
289 28 289 41
289 70 289 83
289 84 289 97
289 98 289 111
289 112 289 125
290 0 290 13
290 14 290 27
290 28 290 41
290 70 290 83
290 84 290 97
290 112 290 125
290 126 290 139
290 140 290 153
291 0 291 13
291 14 291 27
291 28 291 41
291 42 291 55
291 56 291 69
291 84 291 97
291 98 291 111
291 112 291 125
291 140 291 153
292 0 292 13
292 42 292 55
292 56 292 69
292 84 292 97
292 112 292 125
292 126 292 139
293 14 293 27
293 28 293 41
293 56 293 69
293 70 293 83
293 84 293 97
293 126 293 139
294 0 294 13
294 14 294 27
294 28 294 41
294 42 294 55
294 56 294 69
294 70 294 83
294 84 294 97
294 140 294 153
295 0 295 13
295 42 295 55
295 56 295 69
295 70 295 83
295 126 295 139
296 14 296 27
296 28 296 41
296 56 296 69
296 84 296 97
296 112 296 125
297 42 297 55
297 56 297 69
297 70 297 83
297 126 297 139
298 14 298 27
298 42 298 55
298 56 298 69
298 98 298 111
298 112 298 125
298 126 298 139
298 140 298 153
299 0 299 13
299 42 299 55
299 56 299 69
299 70 299 83
299 84 299 97
299 98 299 111
299 126 299 139
300 0 300 13
300 28 300 41
300 42 300 55
300 84 300 97
300 98 300 111
300 112 300 125
300 126 300 139
300 140 300 153
301 0 301 13
301 14 301 27
301 56 301 69
301 70 301 83
301 98 301 111
301 126 301 139
302 28 302 41
302 56 302 69
302 70 302 83
302 84 302 97
302 98 302 111
302 126 302 139
303 14 303 27
303 70 303 83
303 112 303 125
303 126 303 139
303 140 303 153
304 0 304 13
304 14 304 27
304 70 304 83
304 84 304 97
304 98 304 111
304 126 304 139
304 140 304 153
305 0 305 13
305 28 305 41
305 56 305 69
305 84 305 97
305 98 305 111
305 112 305 125
305 126 305 139
305 140 305 153
306 28 306 41
306 42 306 55
306 70 306 83
306 84 306 97
306 112 306 125
306 126 306 139
306 140 306 153
307 0 307 13
307 14 307 27
307 28 307 41
307 42 307 55
307 70 307 83
307 98 307 111
307 112 307 125
307 126 307 139
307 140 307 153
308 0 308 13
308 14 308 27
308 28 308 41
308 42 308 55
308 56 308 69
308 84 308 97
308 98 308 111
308 126 308 139
308 140 308 153
309 14 309 27
309 42 309 55
309 70 309 83
309 84 309 97
309 98 309 111
309 112 309 125
309 140 309 153
310 0 310 13
310 14 310 27
310 28 310 41
310 42 310 55
310 56 310 69
311 0 311 13
311 42 311 55
311 84 311 97
311 98 311 111
312 14 312 27
312 56 312 69
312 70 312 83
312 84 312 97
312 112 312 125
312 126 312 139
313 14 313 27
313 42 313 55
313 56 313 69
313 70 313 83
313 84 313 97
313 112 313 125
313 140 313 153
314 14 314 27
314 42 314 55
314 56 314 69
314 70 314 83
314 112 314 125
314 140 314 153
315 56 315 69
315 70 315 83
315 98 315 111
315 112 315 125
315 126 315 139
315 140 315 153
316 0 316 13
316 14 316 27
316 28 316 41
316 70 316 83
316 98 316 111
316 140 316 153
317 0 317 13
317 28 317 41
317 70 317 83
317 84 317 97
317 98 317 111
317 112 317 125
317 126 317 139
318 14 318 27
318 42 318 55
318 70 318 83
318 98 318 111
318 112 318 125
318 126 318 139
319 14 319 27
319 56 319 69
319 140 319 153
320 42 320 55
320 56 320 69
320 70 320 83
320 84 320 97
320 98 320 111
321 0 321 13
321 70 321 83
321 84 321 97
322 28 322 41
322 42 322 55
322 56 322 69
322 84 322 97
322 112 322 125
322 140 322 153
323 0 323 13
323 14 323 27
323 28 323 41
323 84 323 97
323 98 323 111
323 140 323 153
324 14 324 27
324 28 324 41
324 56 324 69
324 84 324 97
324 98 324 111
324 112 324 125
324 126 324 139
324 140 324 153
325 14 325 27
325 28 325 41
325 42 325 55
325 56 325 69
325 70 325 83
325 140 325 153
326 0 326 13
326 14 326 27
326 28 326 41
326 84 326 97
326 112 326 125
326 126 326 139
327 0 327 13
327 14 327 27
327 42 327 55
327 98 327 111
327 112 327 125
327 126 327 139
327 140 327 153
328 14 328 27
328 28 328 41
328 56 328 69
328 70 328 83
328 112 328 125
328 126 328 139
328 140 328 153
329 28 329 41
329 42 329 55
329 56 329 69
329 70 329 83
329 84 329 97
329 126 329 139
329 140 329 153
330 0 330 13
330 14 330 27
330 28 330 41
330 70 330 83
330 84 330 97
330 98 330 111
330 112 330 125
330 140 330 153
331 0 331 13
331 28 331 41
331 42 331 55
331 56 331 69
331 70 331 83
331 140 331 153
332 14 332 27
332 28 332 41
332 42 332 55
332 56 332 69
332 84 332 97
332 98 332 111
332 112 332 125
332 126 332 139
333 0 333 13
333 14 333 27
333 70 333 83
333 84 333 97
334 14 334 27
334 56 334 69
334 84 334 97
334 98 334 111
334 126 334 139
334 140 334 153
335 0 335 13
335 42 335 55
335 56 335 69
335 70 335 83
335 84 335 97
335 112 335 125
335 126 335 139
335 140 335 153
336 0 336 13
336 14 336 27
336 28 336 41
336 42 336 55
336 84 336 97
336 126 336 139
337 14 337 27
337 70 337 83
337 84 337 97
337 98 337 111
337 112 337 125
337 140 337 153
338 14 338 27
338 28 338 41
338 42 338 55
338 112 338 125
338 126 338 139
339 28 339 41
339 42 339 55
339 98 339 111
339 126 339 139
340 0 340 13
340 14 340 27
340 28 340 41
340 42 340 55
340 56 340 69
340 70 340 83
340 84 340 97
340 98 340 111
340 112 340 125
340 126 340 139
340 140 340 153
341 0 341 13
341 14 341 27
341 28 341 41
341 56 341 69
341 70 341 83
341 84 341 97
341 112 341 125
342 0 342 13
342 14 342 27
342 42 342 55
342 56 342 69
342 84 342 97
342 112 342 125
342 126 342 139
342 140 342 153
343 42 343 55
343 56 343 69
343 98 343 111
343 112 343 125
343 140 343 153
344 0 344 13
344 42 344 55
344 56 344 69
344 84 344 97
344 98 344 111
345 14 345 27
345 56 345 69
345 70 345 83
345 84 345 97
345 112 345 125
346 0 346 13
346 14 346 27
346 28 346 41
346 42 346 55
346 70 346 83
346 84 346 97
346 98 346 111
346 126 346 139
347 14 347 27
347 28 347 41
347 42 347 55
347 56 347 69
347 84 347 97
347 98 347 111
347 112 347 125
347 126 347 139
347 140 347 153
348 42 348 55
348 56 348 69
348 70 348 83
348 84 348 97
348 98 348 111
348 126 348 139
348 140 348 153
349 0 349 13
349 14 349 27
349 42 349 55
349 56 349 69
349 70 349 83
349 98 349 111
349 112 349 125
349 140 349 153
350 0 350 13
350 28 350 41
350 56 350 69
350 70 350 83
350 98 350 111
350 112 350 125
350 140 350 153
351 0 351 13
351 14 351 27
351 28 351 41
351 42 351 55
351 56 351 69
351 84 351 97
351 112 351 125
351 140 351 153
352 0 352 13
352 28 352 41
352 56 352 69
352 84 352 97
352 126 352 139
353 28 353 41
353 42 353 55
353 70 353 83
353 84 353 97
353 98 353 111
353 112 353 125
353 126 353 139
353 140 353 153
354 14 354 27
354 42 354 55
354 56 354 69
354 70 354 83
354 84 354 97
354 112 354 125
354 126 354 139
355 0 355 13
355 42 355 55
355 56 355 69
355 70 355 83
355 84 355 97
355 98 355 111
356 0 356 13
356 14 356 27
356 28 356 41
356 56 356 69
356 70 356 83
356 84 356 97
356 98 356 111
356 126 356 139
356 140 356 153
357 0 357 13
357 42 357 55
357 56 357 69
357 98 357 111
358 0 358 13
358 14 358 27
358 56 358 69
358 70 358 83
358 98 358 111
358 140 358 153
359 0 359 13
359 14 359 27
359 56 359 69
359 98 359 111
359 126 359 139
360 14 360 27
360 28 360 41
360 42 360 55
360 56 360 69
360 70 360 83
360 98 360 111
360 126 360 139
361 0 361 13
361 14 361 27
361 70 361 83
361 112 361 125
361 140 361 153
362 14 362 27
362 42 362 55
362 56 362 69
362 70 362 83
362 84 362 97
362 98 362 111
362 112 362 125
362 140 362 153
363 0 363 13
363 28 363 41
363 56 363 69
363 70 363 83
363 84 363 97
363 98 363 111
363 126 363 139
363 140 363 153
364 28 364 41
364 42 364 55
364 70 364 83
364 84 364 97
364 98 364 111
364 126 364 139
365 0 365 13
365 14 365 27
365 42 365 55
365 56 365 69
365 84 365 97
365 112 365 125
365 140 365 153
366 0 366 13
366 28 366 41
366 56 366 69
366 98 366 111
366 126 366 139
367 56 367 69
367 70 367 83
367 98 367 111
367 112 367 125
367 126 367 139
368 0 368 13
368 42 368 55
368 56 368 69
368 126 368 139
369 14 369 27
369 70 369 83
369 112 369 125
369 126 369 139
370 42 370 55
370 56 370 69
370 70 370 83
370 84 370 97
370 98 370 111
370 112 370 125
370 126 370 139
370 140 370 153
371 14 371 27
371 28 371 41
371 42 371 55
371 84 371 97
371 98 371 111
371 112 371 125
372 0 372 13
372 14 372 27
372 28 372 41
372 42 372 55
372 70 372 83
372 84 372 97
372 98 372 111
372 112 372 125
372 126 372 139
373 0 373 13
373 14 373 27
373 42 373 55
373 70 373 83
373 140 373 153
374 42 374 55
374 70 374 83
374 84 374 97
374 98 374 111
374 112 374 125
374 126 374 139
375 28 375 41
375 56 375 69
376 0 376 13
376 14 376 27
376 42 376 55
376 56 376 69
376 70 376 83
376 98 376 111
377 28 377 41
377 70 377 83
377 112 377 125
377 126 377 139
377 140 377 153
378 0 378 13
378 14 378 27
378 28 378 41
378 70 378 83
378 84 378 97
378 98 378 111
378 140 378 153
379 56 379 69
379 98 379 111
379 126 379 139
380 28 380 41
380 42 380 55
380 56 380 69
380 84 380 97
380 98 380 111
380 112 380 125
381 0 381 13
381 28 381 41
381 42 381 55
381 56 381 69
381 70 381 83
381 84 381 97
381 126 381 139
381 140 381 153
382 0 382 13
382 14 382 27
382 28 382 41
382 42 382 55
382 70 382 83
382 112 382 125
383 0 383 13
383 14 383 27
383 28 383 41
383 56 383 69
383 70 383 83
383 98 383 111
383 140 383 153
384 0 384 13
384 14 384 27
384 28 384 41
384 70 384 83
384 126 384 139
385 0 385 13
385 28 385 41
385 42 385 55
385 56 385 69
385 70 385 83
385 84 385 97
385 140 385 153
386 14 386 27
386 28 386 41
386 56 386 69
386 84 386 97
386 98 386 111
386 112 386 125
386 126 386 139
387 0 387 13
387 28 387 41
387 42 387 55
387 70 387 83
387 98 387 111
387 126 387 139
388 0 388 13
388 14 388 27
388 70 388 83
388 126 388 139
389 0 389 13
389 42 389 55
389 56 389 69
389 84 389 97
389 98 389 111
389 126 389 139
389 140 389 153
390 0 390 13
390 14 390 27
390 42 390 55
390 56 390 69
390 140 390 153
391 28 391 41
391 56 391 69
391 112 391 125
391 126 391 139
391 140 391 153
392 0 392 13
392 42 392 55
392 70 392 83
392 84 392 97
392 98 392 111
392 112 392 125
392 126 392 139
393 28 393 41
393 56 393 69
393 70 393 83
393 84 393 97
393 98 393 111
393 112 393 125
394 0 394 13
394 28 394 41
394 56 394 69
394 70 394 83
394 84 394 97
394 98 394 111
394 112 394 125
394 140 394 153
395 0 395 13
395 14 395 27
395 56 395 69
395 84 395 97
395 98 395 111
395 112 395 125
396 14 396 27
396 28 396 41
396 42 396 55
396 56 396 69
396 70 396 83
396 84 396 97
396 98 396 111
396 112 396 125
396 126 396 139
397 0 397 13
397 14 397 27
397 42 397 55
397 56 397 69
397 70 397 83
397 84 397 97
397 112 397 125
397 126 397 139
397 140 397 153
398 14 398 27
398 28 398 41
398 42 398 55
398 56 398 69
398 84 398 97
398 126 398 139
398 140 398 153
399 0 399 13
399 28 399 41
399 42 399 55
399 56 399 69
399 70 399 83
399 84 399 97
399 98 399 111
399 126 399 139
399 140 399 153
400 0 400 13
400 28 400 41
400 42 400 55
400 56 400 69
400 70 400 83
400 98 400 111
400 112 400 125
400 126 400 139
400 140 400 153
401 14 401 27
401 42 401 55
401 70 401 83
401 84 401 97
401 126 401 139
402 0 402 13
402 14 402 27
402 28 402 41
402 42 402 55
402 84 402 97
402 140 402 153
403 0 403 13
403 28 403 41
403 42 403 55
403 84 403 97
403 98 403 111
403 112 403 125
403 126 403 139
404 0 404 13
404 28 404 41
404 56 404 69
404 84 404 97
404 112 404 125
404 140 404 153
405 56 405 69
405 84 405 97
405 112 405 125
405 126 405 139
406 14 406 27
406 28 406 41
406 84 406 97
406 98 406 111
406 126 406 139
406 140 406 153
407 14 407 27
407 70 407 83
407 84 407 97
407 98 407 111
407 126 407 139
408 28 408 41
408 42 408 55
408 56 408 69
408 84 408 97
408 112 408 125
408 140 408 153
409 56 409 69
409 70 409 83
409 84 409 97
409 112 409 125
409 140 409 153
410 0 410 13
410 14 410 27
410 28 410 41
410 70 410 83
410 84 410 97
410 98 410 111
410 112 410 125
410 126 410 139
411 28 411 41
411 42 411 55
411 70 411 83
411 84 411 97
411 126 411 139
411 140 411 153
412 0 412 13
412 14 412 27
412 28 412 41
412 56 412 69
412 126 412 139
412 140 412 153
413 0 413 13
413 42 413 55
413 56 413 69
413 84 413 97
413 98 413 111
413 112 413 125
413 126 413 139
413 140 413 153
414 14 414 27
414 28 414 41
414 42 414 55
414 56 414 69
414 70 414 83
414 98 414 111
414 140 414 153
415 0 415 13
415 28 415 41
415 42 415 55
415 84 415 97
415 112 415 125
415 140 415 153
416 0 416 13
416 28 416 41
416 42 416 55
416 56 416 69
416 84 416 97
416 98 416 111
416 126 416 139
417 14 417 27
417 28 417 41
417 42 417 55
417 56 417 69
417 84 417 97
417 112 417 125
417 126 417 139
418 0 418 13
418 42 418 55
418 56 418 69
418 70 418 83
418 84 418 97
418 98 418 111
418 112 418 125
418 126 418 139
418 140 418 153
419 14 419 27
419 28 419 41
419 70 419 83
419 98 419 111
419 112 419 125
419 126 419 139
420 0 420 13
420 14 420 27
420 28 420 41
420 42 420 55
420 56 420 69
420 70 420 83
420 140 420 153
421 0 421 13
421 42 421 55
421 84 421 97
421 98 421 111
421 112 421 125
421 126 421 139
421 140 421 153
422 0 422 13
422 56 422 69
422 70 422 83
422 84 422 97
422 98 422 111
422 126 422 139
422 140 422 153
423 14 423 27
423 28 423 41
423 56 423 69
423 70 423 83
423 84 423 97
423 112 423 125
423 140 423 153
424 0 424 13
424 28 424 41
424 42 424 55
424 56 424 69
424 70 424 83
424 98 424 111
424 112 424 125
425 14 425 27
425 28 425 41
425 42 425 55
425 56 425 69
425 84 425 97
425 112 425 125
425 126 425 139
426 14 426 27
426 28 426 41
426 70 426 83
426 84 426 97
426 98 426 111
426 112 426 125
426 140 426 153
427 42 427 55
427 56 427 69
427 70 427 83
427 126 427 139
428 0 428 13
428 28 428 41
428 56 428 69
428 70 428 83
428 84 428 97
428 112 428 125
428 126 428 139
428 140 428 153
429 14 429 27
429 42 429 55
429 56 429 69
429 70 429 83
429 84 429 97
429 98 429 111
429 112 429 125
429 126 429 139
429 140 429 153
430 42 430 55
430 84 430 97
430 98 430 111
430 126 430 139
430 140 430 153
431 0 431 13
431 28 431 41
431 56 431 69
431 112 431 125
431 126 431 139
431 140 431 153
432 0 432 13
432 28 432 41
432 56 432 69
432 70 432 83
432 84 432 97
432 112 432 125
432 126 432 139
433 0 433 13
433 14 433 27
433 28 433 41
433 84 433 97
433 98 433 111
434 0 434 13
434 14 434 27
434 56 434 69
434 84 434 97
434 98 434 111
434 126 434 139
435 28 435 41
435 42 435 55
435 56 435 69
435 70 435 83
435 84 435 97
435 112 435 125
436 0 436 13
436 28 436 41
436 42 436 55
436 56 436 69
436 70 436 83
436 84 436 97
436 98 436 111
436 140 436 153
437 14 437 27
437 28 437 41
437 42 437 55
437 56 437 69
437 70 437 83
437 98 437 111
437 112 437 125
437 126 437 139
437 140 437 153
438 0 438 13
438 14 438 27
438 42 438 55
438 56 438 69
438 84 438 97
438 112 438 125
438 126 438 139
438 140 438 153
439 0 439 13
439 28 439 41
439 84 439 97
439 98 439 111
439 112 439 125
439 126 439 139
439 140 439 153
440 0 440 13
440 14 440 27
440 56 440 69
440 70 440 83
440 84 440 97
440 98 440 111
440 112 440 125
440 126 440 139
440 140 440 153
441 14 441 27
441 28 441 41
441 70 441 83
441 112 441 125
441 140 441 153
442 0 442 13
442 28 442 41
442 42 442 55
442 70 442 83
442 84 442 97
442 98 442 111
442 140 442 153
443 0 443 13
443 28 443 41
443 42 443 55
443 56 443 69
443 70 443 83
443 84 443 97
444 0 444 13
444 42 444 55
444 56 444 69
444 84 444 97
444 98 444 111
444 126 444 139
444 140 444 153
445 14 445 27
445 28 445 41
445 42 445 55
445 56 445 69
445 84 445 97
445 98 445 111
445 140 445 153
446 70 446 83
446 98 446 111
446 112 446 125
446 126 446 139
446 140 446 153
447 0 447 13
447 14 447 27
447 42 447 55
447 56 447 69
447 70 447 83
447 84 447 97
447 98 447 111
447 112 447 125
447 140 447 153
448 0 448 13
448 28 448 41
448 56 448 69
448 70 448 83
448 98 448 111
448 112 448 125
448 126 448 139
448 140 448 153
449 0 449 13
449 14 449 27
449 28 449 41
449 70 449 83
449 84 449 97
449 98 449 111
449 126 449 139
450 0 450 13
450 14 450 27
450 28 450 41
450 42 450 55
450 70 450 83
450 98 450 111
450 112 450 125
451 28 451 41
451 56 451 69
451 126 451 139
452 14 452 27
452 28 452 41
452 42 452 55
452 70 452 83
452 126 452 139
452 140 452 153
453 0 453 13
453 14 453 27
453 56 453 69
453 84 453 97
453 98 453 111
453 112 453 125
453 140 453 153
454 14 454 27
454 28 454 41
454 42 454 55
454 70 454 83
454 84 454 97
454 126 454 139
455 0 455 13
455 28 455 41
455 42 455 55
455 56 455 69
455 70 455 83
455 84 455 97
455 98 455 111
455 112 455 125
455 126 455 139
455 140 455 153
456 14 456 27
456 28 456 41
456 42 456 55
456 56 456 69
456 70 456 83
456 98 456 111
456 112 456 125
457 0 457 13
457 28 457 41
457 70 457 83
457 112 457 125
457 126 457 139
457 140 457 153
458 0 458 13
458 28 458 41
458 56 458 69
458 70 458 83
458 98 458 111
458 112 458 125
458 126 458 139
458 140 458 153
459 0 459 13
459 42 459 55
459 56 459 69
459 70 459 83
459 84 459 97
459 98 459 111
459 126 459 139
459 140 459 153
460 14 460 27
460 42 460 55
460 84 460 97
460 98 460 111
460 112 460 125
460 140 460 153
461 28 461 41
461 70 461 83
461 84 461 97
461 126 461 139
462 0 462 13
462 14 462 27
462 28 462 41
462 42 462 55
462 84 462 97
463 0 463 13
463 28 463 41
463 42 463 55
463 70 463 83
463 84 463 97
464 14 464 27
464 42 464 55
464 70 464 83
464 84 464 97
464 98 464 111
464 126 464 139
464 140 464 153
465 14 465 27
465 28 465 41
465 42 465 55
465 70 465 83
465 84 465 97
465 98 465 111
465 112 465 125
465 126 465 139
465 140 465 153
466 0 466 13
466 56 466 69
466 70 466 83
466 84 466 97
466 98 466 111
466 112 466 125
466 140 466 153
467 0 467 13
467 14 467 27
467 56 467 69
467 98 467 111
467 140 467 153
468 0 468 13
468 42 468 55
468 70 468 83
468 112 468 125
469 0 469 13
469 14 469 27
469 42 469 55
469 70 469 83
469 84 469 97
469 126 469 139
470 14 470 27
470 42 470 55
470 56 470 69
470 70 470 83
470 84 470 97
470 98 470 111
470 126 470 139
470 140 470 153
471 0 471 13
471 14 471 27
471 28 471 41
471 56 471 69
472 14 472 27
472 28 472 41
472 42 472 55
472 70 472 83
472 84 472 97
472 98 472 111
472 112 472 125
472 126 472 139
472 140 472 153
473 28 473 41
473 56 473 69
473 84 473 97
473 98 473 111
473 112 473 125
474 0 474 13
474 14 474 27
474 28 474 41
474 56 474 69
474 84 474 97
474 98 474 111
474 126 474 139
475 0 475 13
475 56 475 69
475 84 475 97
475 126 475 139
475 140 475 153
476 0 476 13
476 14 476 27
476 42 476 55
476 56 476 69
476 84 476 97
476 112 476 125
476 126 476 139
476 140 476 153
477 0 477 13
477 126 477 139
477 140 477 153
478 0 478 13
478 14 478 27
478 28 478 41
478 56 478 69
478 84 478 97
478 98 478 111
478 126 478 139
478 140 478 153
479 14 479 27
479 56 479 69
479 70 479 83
479 84 479 97
479 98 479 111
479 112 479 125
479 126 479 139
479 140 479 153
480 0 480 13
480 28 480 41
480 56 480 69
480 84 480 97
480 98 480 111
480 126 480 139
481 28 481 41
481 42 481 55
481 56 481 69
481 70 481 83
481 98 481 111
481 112 481 125
481 126 481 139
481 140 481 153
482 0 482 13
482 14 482 27
482 28 482 41
482 56 482 69
482 98 482 111
482 112 482 125
482 126 482 139
483 0 483 13
483 14 483 27
483 28 483 41
483 42 483 55
483 84 483 97
483 98 483 111
483 112 483 125
483 126 483 139
483 140 483 153
484 0 484 13
484 14 484 27
484 28 484 41
484 42 484 55
484 98 484 111
484 140 484 153
485 0 485 13
485 84 485 97
485 112 485 125
486 0 486 13
486 14 486 27
486 42 486 55
486 56 486 69
486 70 486 83
486 112 486 125
486 126 486 139
487 0 487 13
487 42 487 55
487 56 487 69
487 70 487 83
487 84 487 97
487 112 487 125
488 14 488 27
488 28 488 41
488 70 488 83
488 98 488 111
488 112 488 125
488 126 488 139
489 42 489 55
489 56 489 69
489 70 489 83
489 112 489 125
489 126 489 139
489 140 489 153
490 0 490 13
490 28 490 41
490 56 490 69
490 112 490 125
490 140 490 153
491 0 491 13
491 42 491 55
491 56 491 69
491 70 491 83
491 98 491 111
491 112 491 125
491 140 491 153
492 0 492 13
492 28 492 41
492 56 492 69
492 70 492 83
492 84 492 97
492 98 492 111
492 112 492 125
492 140 492 153
493 14 493 27
493 42 493 55
493 56 493 69
493 84 493 97
493 98 493 111
493 126 493 139
493 140 493 153
494 0 494 13
494 56 494 69
494 98 494 111
494 112 494 125
494 126 494 139
494 140 494 153
495 0 495 13
495 14 495 27
495 42 495 55
495 56 495 69
495 98 495 111
495 112 495 125
495 140 495 153
496 14 496 27
496 28 496 41
496 56 496 69
496 98 496 111
496 112 496 125
497 14 497 27
497 28 497 41
497 42 497 55
497 56 497 69
497 70 497 83
497 98 497 111
497 140 497 153
498 0 498 13
498 28 498 41
498 56 498 69
498 70 498 83
498 84 498 97
498 98 498 111
498 140 498 153
499 14 499 27
499 28 499 41
499 56 499 69
499 84 499 97
499 98 499 111
499 112 499 125
500 0 500 13
500 28 500 41
500 56 500 69
500 70 500 83
500 84 500 97
500 98 500 111
500 140 500 153
501 28 501 41
501 56 501 69
501 70 501 83
501 84 501 97
501 98 501 111
501 126 501 139
501 140 501 153
502 14 502 27
502 42 502 55
502 56 502 69
502 84 502 97
502 98 502 111
502 112 502 125
503 0 503 13
503 14 503 27
503 28 503 41
503 70 503 83
503 84 503 97
503 112 503 125
503 140 503 153
504 0 504 13
504 14 504 27
504 42 504 55
504 56 504 69
504 84 504 97
504 98 504 111
504 112 504 125
504 140 504 153
505 0 505 13
505 28 505 41
505 84 505 97
505 112 505 125
505 126 505 139
506 0 506 13
506 14 506 27
506 42 506 55
506 70 506 83
506 84 506 97
506 98 506 111
507 0 507 13
507 14 507 27
507 56 507 69
507 70 507 83
507 98 507 111
507 112 507 125
507 126 507 139
507 140 507 153
508 0 508 13
508 14 508 27
508 84 508 97
508 112 508 125
508 126 508 139
509 112 509 125
509 140 509 153
510 0 510 13
510 14 510 27
510 28 510 41
510 42 510 55
510 56 510 69
510 84 510 97
510 98 510 111
510 112 510 125
510 140 510 153
511 14 511 27
511 28 511 41
511 42 511 55
511 56 511 69
511 70 511 83
511 84 511 97
511 98 511 111
511 112 511 125
511 126 511 139
511 140 511 153
512 14 512 27
512 56 512 69
512 84 512 97
512 98 512 111
512 126 512 139
512 140 512 153
513 0 513 13
513 14 513 27
513 70 513 83
513 84 513 97
513 98 513 111
513 112 513 125
513 126 513 139
514 0 514 13
514 14 514 27
514 28 514 41
514 42 514 55
514 56 514 69
514 112 514 125
514 140 514 153
515 0 515 13
515 14 515 27
515 42 515 55
515 70 515 83
515 140 515 153
516 0 516 13
516 28 516 41
516 56 516 69
516 70 516 83
516 98 516 111
516 112 516 125
516 126 516 139
516 140 516 153
517 42 517 55
517 70 517 83
517 84 517 97
517 98 517 111
517 140 517 153
518 28 518 41
518 42 518 55
518 112 518 125
518 126 518 139
518 140 518 153
519 0 519 13
519 28 519 41
519 42 519 55
519 56 519 69
519 70 519 83
519 84 519 97
519 112 519 125
520 28 520 41
520 42 520 55
520 56 520 69
520 70 520 83
520 84 520 97
520 112 520 125
521 0 521 13
521 14 521 27
521 28 521 41
521 56 521 69
521 70 521 83
521 84 521 97
521 98 521 111
521 112 521 125
521 126 521 139
521 140 521 153
522 14 522 27
522 84 522 97
522 98 522 111
522 126 522 139
522 140 522 153
523 0 523 13
523 28 523 41
523 56 523 69
523 112 523 125
523 126 523 139
523 140 523 153
524 42 524 55
524 70 524 83
524 84 524 97
524 140 524 153
525 0 525 13
525 42 525 55
525 56 525 69
525 70 525 83
525 84 525 97
525 112 525 125
526 14 526 27
526 28 526 41
526 42 526 55
526 56 526 69
526 98 526 111
526 112 526 125
526 140 526 153
527 0 527 13
527 28 527 41
527 84 527 97
527 140 527 153
528 42 528 55
528 84 528 97
528 140 528 153
529 28 529 41
529 42 529 55
529 56 529 69
529 70 529 83
529 112 529 125
529 140 529 153
530 14 530 27
530 28 530 41
530 42 530 55
530 70 530 83
530 84 530 97
530 112 530 125
530 126 530 139
530 140 530 153
531 0 531 13
531 14 531 27
531 42 531 55
531 56 531 69
531 70 531 83
531 84 531 97
531 112 531 125
531 126 531 139
531 140 531 153
532 0 532 13
532 28 532 41
532 56 532 69
532 70 532 83
532 84 532 97
532 112 532 125
532 126 532 139
533 14 533 27
533 28 533 41
533 42 533 55
533 56 533 69
533 70 533 83
533 84 533 97
533 98 533 111
533 112 533 125
533 126 533 139
533 140 533 153
534 14 534 27
534 28 534 41
534 70 534 83
534 98 534 111
534 112 534 125
534 126 534 139
534 140 534 153
535 0 535 13
535 42 535 55
535 56 535 69
535 70 535 83
535 84 535 97
535 112 535 125
535 126 535 139
535 140 535 153
536 0 536 13
536 14 536 27
536 28 536 41
536 42 536 55
536 56 536 69
536 70 536 83
536 98 536 111
536 112 536 125
536 126 536 139
536 140 536 153
537 28 537 41
537 42 537 55
537 56 537 69
537 70 537 83
537 112 537 125
538 0 538 13
538 28 538 41
538 42 538 55
538 98 538 111
538 112 538 125
538 126 538 139
539 14 539 27
539 70 539 83
539 84 539 97
540 28 540 41
540 42 540 55
540 84 540 97
540 98 540 111
540 126 540 139
540 140 540 153
541 0 541 13
541 14 541 27
541 56 541 69
541 70 541 83
541 98 541 111
541 112 541 125
541 140 541 153
542 0 542 13
542 14 542 27
542 42 542 55
542 56 542 69
542 70 542 83
542 84 542 97
542 98 542 111
542 112 542 125
543 0 543 13
543 14 543 27
543 42 543 55
543 56 543 69
543 98 543 111
543 112 543 125
544 0 544 13
544 14 544 27
544 42 544 55
544 56 544 69
544 84 544 97
544 112 544 125
545 0 545 13
545 28 545 41
545 42 545 55
545 56 545 69
545 98 545 111
545 112 545 125
545 126 545 139
546 14 546 27
546 28 546 41
546 42 546 55
546 56 546 69
546 98 546 111
546 126 546 139
546 140 546 153
547 14 547 27
547 42 547 55
547 70 547 83
547 84 547 97
547 98 547 111
547 126 547 139
547 140 547 153
548 0 548 13
548 14 548 27
548 56 548 69
548 84 548 97
548 98 548 111
549 0 549 13
549 14 549 27
549 56 549 69
549 70 549 83
549 84 549 97
549 98 549 111
549 126 549 139
549 140 549 153
550 0 550 13
550 28 550 41
550 42 550 55
550 84 550 97
550 126 550 139
550 140 550 153
551 14 551 27
551 28 551 41
551 56 551 69
551 84 551 97
551 140 551 153
552 28 552 41
552 42 552 55
552 56 552 69
552 84 552 97
553 0 553 13
553 14 553 27
553 28 553 41
553 42 553 55
553 70 553 83
553 112 553 125
554 0 554 13
554 14 554 27
554 28 554 41
554 56 554 69
554 70 554 83
554 84 554 97
554 98 554 111
554 112 554 125
555 0 555 13
555 42 555 55
555 56 555 69
555 84 555 97
555 112 555 125
555 140 555 153
556 0 556 13
556 14 556 27
556 28 556 41
556 70 556 83
556 84 556 97
556 98 556 111
556 112 556 125
556 126 556 139
556 140 556 153
557 0 557 13
557 14 557 27
557 28 557 41
557 56 557 69
557 126 557 139
557 140 557 153
558 0 558 13
558 28 558 41
558 42 558 55
558 56 558 69
558 70 558 83
558 84 558 97
558 112 558 125
558 126 558 139
559 28 559 41
559 98 559 111
559 126 559 139
560 14 560 27
560 28 560 41
560 42 560 55
560 56 560 69
560 84 560 97
560 140 560 153
561 0 561 13
561 14 561 27
561 42 561 55
561 70 561 83
561 84 561 97
561 126 561 139
562 0 562 13
562 28 562 41
562 42 562 55
562 84 562 97
562 112 562 125
562 126 562 139
562 140 562 153
563 0 563 13
563 28 563 41
563 70 563 83
563 84 563 97
563 112 563 125
563 126 563 139
564 0 564 13
564 28 564 41
564 56 564 69
564 112 564 125
564 126 564 139
565 14 565 27
565 28 565 41
565 56 565 69
565 84 565 97
565 98 565 111
565 112 565 125
565 140 565 153
566 0 566 13
566 56 566 69
566 70 566 83
566 98 566 111
567 0 567 13
567 28 567 41
567 56 567 69
567 70 567 83
567 98 567 111
567 112 567 125
568 0 568 13
568 14 568 27
568 28 568 41
568 56 568 69
568 84 568 97
568 98 568 111
568 112 568 125
568 126 568 139
568 140 568 153
569 28 569 41
569 56 569 69
569 98 569 111
569 112 569 125
569 126 569 139
569 140 569 153
570 0 570 13
570 14 570 27
570 28 570 41
570 42 570 55
570 56 570 69
570 70 570 83
570 98 570 111
570 112 570 125
570 126 570 139
571 0 571 13
571 28 571 41
571 56 571 69
571 70 571 83
571 98 571 111
571 126 571 139
572 14 572 27
572 28 572 41
572 42 572 55
572 84 572 97
572 112 572 125
572 126 572 139
572 140 572 153
573 14 573 27
573 56 573 69
573 70 573 83
573 84 573 97
573 140 573 153
574 28 574 41
574 84 574 97
574 98 574 111
574 112 574 125
574 140 574 153
575 84 575 97
575 126 575 139
575 140 575 153
576 14 576 27
576 42 576 55
576 56 576 69
576 70 576 83
576 98 576 111
576 112 576 125
576 126 576 139
576 140 576 153
577 14 577 27
577 28 577 41
577 56 577 69
577 70 577 83
577 98 577 111
577 112 577 125
577 126 577 139
578 84 578 97
578 126 578 139
578 140 578 153
579 14 579 27
579 56 579 69
579 84 579 97
579 112 579 125
579 140 579 153
580 0 580 13
580 14 580 27
580 28 580 41
580 56 580 69
580 70 580 83
580 84 580 97
580 112 580 125
580 126 580 139
580 140 580 153
581 0 581 13
581 14 581 27
581 42 581 55
581 70 581 83
581 84 581 97
581 112 581 125
581 126 581 139
581 140 581 153
582 42 582 55
582 56 582 69
582 70 582 83
582 84 582 97
582 140 582 153
583 14 583 27
583 42 583 55
583 56 583 69
583 70 583 83
583 112 583 125
584 14 584 27
584 42 584 55
584 56 584 69
584 70 584 83
584 112 584 125
585 0 585 13
585 56 585 69
585 70 585 83
585 126 585 139
585 140 585 153
586 0 586 13
586 14 586 27
586 42 586 55
586 56 586 69
586 70 586 83
586 112 586 125
586 126 586 139
586 140 586 153
587 0 587 13
587 14 587 27
587 28 587 41
587 42 587 55
587 56 587 69
587 70 587 83
587 84 587 97
587 98 587 111
588 0 588 13
588 14 588 27
588 28 588 41
588 42 588 55
588 56 588 69
588 70 588 83
588 98 588 111
588 126 588 139
588 140 588 153
589 28 589 41
589 70 589 83
589 112 589 125
590 28 590 41
590 70 590 83
590 84 590 97
590 98 590 111
590 140 590 153
591 0 591 13
591 14 591 27
591 70 591 83
591 126 591 139
591 140 591 153
592 0 592 13
592 14 592 27
592 28 592 41
592 42 592 55
592 70 592 83
592 84 592 97
592 112 592 125
592 126 592 139
593 14 593 27
593 56 593 69
593 84 593 97
593 126 593 139
593 140 593 153
594 0 594 13
594 28 594 41
594 42 594 55
594 70 594 83
594 84 594 97
594 98 594 111
595 14 595 27
595 42 595 55
595 70 595 83
595 84 595 97
595 112 595 125
595 126 595 139
596 0 596 13
596 14 596 27
596 28 596 41
596 84 596 97
596 98 596 111
596 140 596 153
597 0 597 13
597 14 597 27
597 28 597 41
597 112 597 125
597 126 597 139
598 14 598 27
598 42 598 55
598 98 598 111
598 112 598 125
599 0 599 13
599 14 599 27
599 42 599 55
599 56 599 69
599 70 599 83
599 84 599 97
599 112 599 125
599 126 599 139
600 0 600 13
600 14 600 27
600 28 600 41
600 42 600 55
600 70 600 83
600 84 600 97
600 98 600 111
600 140 600 153
601 0 601 13
601 14 601 27
601 42 601 55
601 98 601 111
602 0 602 13
602 14 602 27
602 56 602 69
602 84 602 97
602 98 602 111
602 112 602 125
602 126 602 139
602 140 602 153
603 14 603 27
603 28 603 41
603 70 603 83
603 84 603 97
603 98 603 111
603 112 603 125
604 0 604 13
604 28 604 41
604 84 604 97
604 126 604 139
605 0 605 13
605 14 605 27
605 28 605 41
605 70 605 83
605 98 605 111
605 112 605 125
606 14 606 27
606 28 606 41
606 84 606 97
606 126 606 139
606 140 606 153
607 28 607 41
607 56 607 69
607 70 607 83
607 126 607 139
607 140 607 153
608 0 608 13
608 14 608 27
608 42 608 55
608 56 608 69
608 70 608 83
608 84 608 97
608 98 608 111
608 112 608 125
608 126 608 139
608 140 608 153
609 14 609 27
609 70 609 83
609 112 609 125
609 126 609 139
610 0 610 13
610 14 610 27
610 42 610 55
610 56 610 69
610 70 610 83
610 84 610 97
610 98 610 111
610 112 610 125
610 126 610 139
610 140 610 153
611 14 611 27
611 56 611 69
611 84 611 97
611 98 611 111
611 112 611 125
611 140 611 153
612 84 612 97
612 98 612 111
612 112 612 125
612 126 612 139
612 140 612 153
613 0 613 13
613 14 613 27
613 28 613 41
613 56 613 69
613 70 613 83
614 0 614 13
614 14 614 27
614 42 614 55
614 98 614 111
614 112 614 125
614 126 614 139
614 140 614 153
615 0 615 13
615 28 615 41
615 70 615 83
615 112 615 125
615 126 615 139
615 140 615 153
616 0 616 13
616 14 616 27
616 28 616 41
616 42 616 55
616 70 616 83
616 84 616 97
616 98 616 111
616 112 616 125
616 140 616 153
617 14 617 27
617 42 617 55
617 56 617 69
617 70 617 83
617 84 617 97
617 98 617 111
617 126 617 139
617 140 617 153
618 14 618 27
618 42 618 55
618 70 618 83
618 112 618 125
618 140 618 153
619 28 619 41
619 42 619 55
619 70 619 83
619 84 619 97
619 98 619 111
620 14 620 27
620 28 620 41
620 42 620 55
620 56 620 69
620 84 620 97
620 112 620 125
620 140 620 153
621 14 621 27
621 42 621 55
621 70 621 83
621 84 621 97
621 98 621 111
621 140 621 153
622 0 622 13
622 14 622 27
622 28 622 41
622 42 622 55
622 56 622 69
622 98 622 111
622 126 622 139
622 140 622 153
623 14 623 27
623 28 623 41
623 56 623 69
623 84 623 97
623 98 623 111
623 112 623 125
624 0 624 13
624 84 624 97
624 98 624 111
624 112 624 125
624 126 624 139
624 140 624 153
625 0 625 13
625 14 625 27
625 56 625 69
625 70 625 83
625 84 625 97
625 126 625 139
625 140 625 153
626 0 626 13
626 14 626 27
626 42 626 55
626 70 626 83
626 84 626 97
626 98 626 111
626 112 626 125
626 140 626 153
627 0 627 13
627 42 627 55
627 56 627 69
627 84 627 97
627 112 627 125
628 0 628 13
628 14 628 27
628 28 628 41
628 42 628 55
628 56 628 69
628 70 628 83
628 98 628 111
628 126 628 139
628 140 628 153
629 42 629 55
629 70 629 83
629 84 629 97
629 98 629 111
629 140 629 153
630 0 630 13
630 14 630 27
630 70 630 83
630 112 630 125
631 14 631 27
631 70 631 83
631 84 631 97
631 112 631 125
631 140 631 153
632 0 632 13
632 42 632 55
632 56 632 69
632 84 632 97
632 98 632 111
632 126 632 139
633 56 633 69
633 98 633 111
633 112 633 125
633 126 633 139
633 140 633 153
634 0 634 13
634 14 634 27
634 56 634 69
634 84 634 97
634 126 634 139
634 140 634 153
635 0 635 13
635 28 635 41
635 42 635 55
635 56 635 69
635 84 635 97
635 98 635 111
635 126 635 139
636 14 636 27
636 42 636 55
636 56 636 69
636 70 636 83
636 98 636 111
636 126 636 139
637 0 637 13
637 28 637 41
637 42 637 55
637 70 637 83
637 84 637 97
637 126 637 139
638 0 638 13
638 28 638 41
638 42 638 55
638 140 638 153
639 0 639 13
639 14 639 27
639 28 639 41
639 98 639 111
639 140 639 153
640 70 640 83
640 126 640 139
641 0 641 13
641 14 641 27
641 28 641 41
641 56 641 69
641 140 641 153
642 0 642 13
642 14 642 27
642 42 642 55
642 56 642 69
642 70 642 83
642 98 642 111
642 140 642 153
643 0 643 13
643 14 643 27
643 28 643 41
643 56 643 69
643 70 643 83
643 98 643 111
643 112 643 125
643 126 643 139
644 0 644 13
644 14 644 27
644 42 644 55
644 56 644 69
644 70 644 83
644 112 644 125
645 0 645 13
645 14 645 27
645 28 645 41
645 70 645 83
645 84 645 97
645 98 645 111
645 112 645 125
646 0 646 13
646 28 646 41
646 42 646 55
646 56 646 69
646 98 646 111
646 112 646 125
647 0 647 13
647 14 647 27
647 28 647 41
647 56 647 69
647 98 647 111
647 126 647 139
648 28 648 41
648 56 648 69
648 70 648 83
648 98 648 111
648 126 648 139
649 0 649 13
649 14 649 27
649 28 649 41
649 56 649 69
649 70 649 83
649 84 649 97
649 98 649 111
649 112 649 125
649 126 649 139
650 0 650 13
650 14 650 27
650 28 650 41
650 42 650 55
650 56 650 69
650 98 650 111
650 140 650 153
651 56 651 69
651 70 651 83
651 126 651 139
652 0 652 13
652 14 652 27
652 28 652 41
652 56 652 69
652 98 652 111
652 112 652 125
653 0 653 13
653 56 653 69
653 70 653 83
653 98 653 111
653 112 653 125
653 126 653 139
654 0 654 13
654 14 654 27
654 28 654 41
654 42 654 55
654 84 654 97
654 126 654 139
654 140 654 153
655 0 655 13
655 14 655 27
655 28 655 41
655 42 655 55
655 56 655 69
655 98 655 111
655 126 655 139
655 140 655 153
656 0 656 13
656 14 656 27
656 28 656 41
656 56 656 69
656 70 656 83
656 84 656 97
656 98 656 111
656 112 656 125
656 126 656 139
657 0 657 13
657 14 657 27
657 56 657 69
657 70 657 83
657 84 657 97
657 98 657 111
657 112 657 125
657 126 657 139
657 140 657 153
658 14 658 27
658 28 658 41
658 84 658 97
658 98 658 111
658 126 658 139
658 140 658 153
659 0 659 13
659 14 659 27
659 42 659 55
659 56 659 69
659 70 659 83
659 84 659 97
659 140 659 153
660 0 660 13
660 42 660 55
660 56 660 69
660 70 660 83
660 84 660 97
660 112 660 125
660 126 660 139
660 140 660 153
661 0 661 13
661 14 661 27
661 28 661 41
661 56 661 69
661 70 661 83
661 98 661 111
661 112 661 125
662 0 662 13
662 14 662 27
662 28 662 41
662 70 662 83
662 98 662 111
662 126 662 139
663 28 663 41
663 56 663 69
663 98 663 111
663 126 663 139
664 0 664 13
664 28 664 41
664 98 664 111
664 112 664 125
664 126 664 139
664 140 664 153
665 0 665 13
665 28 665 41
665 42 665 55
665 56 665 69
665 70 665 83
665 98 665 111
665 112 665 125
665 140 665 153
666 0 666 13
666 14 666 27
666 28 666 41
666 70 666 83
666 84 666 97
666 112 666 125
666 126 666 139
666 140 666 153
667 0 667 13
667 42 667 55
667 56 667 69
667 98 667 111
667 126 667 139
667 140 667 153
668 14 668 27
668 42 668 55
668 70 668 83
668 84 668 97
668 98 668 111
668 112 668 125
668 140 668 153
669 14 669 27
669 84 669 97
669 98 669 111
669 112 669 125
670 0 670 13
670 14 670 27
670 28 670 41
670 42 670 55
670 84 670 97
670 112 670 125
670 126 670 139
670 140 670 153
671 0 671 13
671 14 671 27
671 42 671 55
671 56 671 69
671 112 671 125
671 126 671 139
671 140 671 153
672 56 672 69
672 70 672 83
672 84 672 97
672 98 672 111
672 112 672 125
672 126 672 139
672 140 672 153
673 0 673 13
673 14 673 27
673 28 673 41
673 56 673 69
673 70 673 83
673 98 673 111
673 112 673 125
674 0 674 13
674 28 674 41
674 42 674 55
674 56 674 69
674 70 674 83
674 84 674 97
674 126 674 139
675 0 675 13
675 28 675 41
675 42 675 55
675 56 675 69
675 98 675 111
675 126 675 139
676 14 676 27
676 28 676 41
676 56 676 69
676 70 676 83
676 98 676 111
676 126 676 139
676 140 676 153
677 14 677 27
677 42 677 55
677 98 677 111
677 112 677 125
678 0 678 13
678 14 678 27
678 42 678 55
678 70 678 83
678 84 678 97
678 98 678 111
678 112 678 125
679 0 679 13
679 14 679 27
679 42 679 55
679 56 679 69
679 98 679 111
679 112 679 125
679 140 679 153
680 28 680 41
680 70 680 83
680 112 680 125
680 126 680 139
680 140 680 153
681 0 681 13
681 28 681 41
681 42 681 55
681 56 681 69
681 70 681 83
681 84 681 97
681 98 681 111
681 112 681 125
681 126 681 139
682 42 682 55
682 56 682 69
682 84 682 97
682 98 682 111
682 112 682 125
682 126 682 139
682 140 682 153
683 0 683 13
683 14 683 27
683 28 683 41
683 70 683 83
683 98 683 111
683 112 683 125
684 0 684 13
684 14 684 27
684 28 684 41
684 42 684 55
684 56 684 69
684 70 684 83
684 84 684 97
684 112 684 125
684 126 684 139
685 14 685 27
685 42 685 55
685 56 685 69
685 70 685 83
685 98 685 111
685 112 685 125
685 126 685 139
685 140 685 153
686 0 686 13
686 14 686 27
686 28 686 41
686 56 686 69
686 84 686 97
686 98 686 111
686 112 686 125
687 14 687 27
687 28 687 41
687 56 687 69
687 98 687 111
687 112 687 125
688 14 688 27
688 28 688 41
688 56 688 69
688 98 688 111
688 140 688 153
689 0 689 13
689 14 689 27
689 42 689 55
689 56 689 69
689 70 689 83
689 84 689 97
689 140 689 153
690 0 690 13
690 14 690 27
690 28 690 41
690 56 690 69
690 70 690 83
690 98 690 111
691 14 691 27
691 28 691 41
691 42 691 55
691 56 691 69
691 70 691 83
691 98 691 111
692 0 692 13
692 28 692 41
692 98 692 111
692 112 692 125
692 126 692 139
693 0 693 13
693 28 693 41
693 56 693 69
693 84 693 97
693 98 693 111
693 112 693 125
693 126 693 139
694 14 694 27
694 70 694 83
694 98 694 111
694 126 694 139
695 14 695 27
695 28 695 41
695 42 695 55
695 70 695 83
695 84 695 97
695 98 695 111
695 112 695 125
695 140 695 153
696 0 696 13
696 14 696 27
696 70 696 83
696 98 696 111
696 112 696 125
696 140 696 153
697 42 697 55
697 56 697 69
697 70 697 83
697 84 697 97
697 98 697 111
698 0 698 13
698 14 698 27
698 42 698 55
698 56 698 69
698 70 698 83
698 84 698 97
698 98 698 111
698 126 698 139
698 140 698 153
699 14 699 27
699 56 699 69
699 112 699 125
699 140 699 153
700 14 700 27
700 28 700 41
700 42 700 55
700 56 700 69
700 84 700 97
700 98 700 111
700 126 700 139
700 140 700 153
701 0 701 13
701 14 701 27
701 42 701 55
701 56 701 69
701 70 701 83
701 112 701 125
702 0 702 13
702 84 702 97
702 126 702 139
702 140 702 153
703 14 703 27
703 56 703 69
703 70 703 83
703 84 703 97
703 126 703 139
703 140 703 153
704 42 704 55
704 56 704 69
704 98 704 111
704 112 704 125
704 140 704 153
705 0 705 13
705 14 705 27
705 56 705 69
705 70 705 83
705 84 705 97
705 126 705 139
705 140 705 153
706 0 706 13
706 42 706 55
706 56 706 69
706 98 706 111
707 28 707 41
707 56 707 69
707 70 707 83
707 98 707 111
708 14 708 27
708 28 708 41
708 42 708 55
708 56 708 69
708 70 708 83
708 112 708 125
708 140 708 153
709 14 709 27
709 42 709 55
709 56 709 69
709 70 709 83
709 84 709 97
709 98 709 111
709 112 709 125
709 126 709 139
710 14 710 27
710 28 710 41
710 56 710 69
710 70 710 83
710 98 710 111
710 126 710 139
710 140 710 153
711 0 711 13
711 14 711 27
711 28 711 41
711 42 711 55
711 98 711 111
711 140 711 153
712 0 712 13
712 28 712 41
712 42 712 55
712 84 712 97
712 98 712 111
713 14 713 27
713 42 713 55
713 98 713 111
713 126 713 139
714 0 714 13
714 28 714 41
714 42 714 55
714 84 714 97
714 98 714 111
714 112 714 125
714 140 714 153
715 0 715 13
715 28 715 41
715 42 715 55
715 126 715 139
716 0 716 13
716 14 716 27
716 28 716 41
716 42 716 55
716 70 716 83
716 84 716 97
716 98 716 111
716 112 716 125
716 140 716 153
717 28 717 41
717 42 717 55
717 56 717 69
717 84 717 97
717 98 717 111
717 112 717 125
717 140 717 153
718 0 718 13
718 14 718 27
718 28 718 41
718 56 718 69
718 70 718 83
718 84 718 97
718 98 718 111
718 112 718 125
718 140 718 153
719 28 719 41
719 84 719 97
719 112 719 125
719 126 719 139
719 140 719 153
720 14 720 27
720 42 720 55
720 84 720 97
720 98 720 111
720 140 720 153
721 0 721 13
721 14 721 27
721 70 721 83
721 98 721 111
721 112 721 125
721 126 721 139
722 28 722 41
722 42 722 55
722 56 722 69
722 70 722 83
722 126 722 139
722 140 722 153
723 0 723 13
723 28 723 41
723 42 723 55
723 70 723 83
723 84 723 97
723 112 723 125
723 126 723 139
724 14 724 27
724 28 724 41
724 42 724 55
724 70 724 83
724 84 724 97
724 112 724 125
724 126 724 139
724 140 724 153
725 42 725 55
725 56 725 69
725 70 725 83
725 98 725 111
725 126 725 139
725 140 725 153
726 0 726 13
726 14 726 27
726 56 726 69
726 84 726 97
726 98 726 111
726 126 726 139
726 140 726 153
727 14 727 27
727 28 727 41
727 42 727 55
727 56 727 69
727 70 727 83
727 84 727 97
727 98 727 111
727 112 727 125
727 126 727 139
728 0 728 13
728 28 728 41
728 56 728 69
728 70 728 83
728 84 728 97
728 140 728 153
729 0 729 13
729 14 729 27
729 28 729 41
729 42 729 55
729 56 729 69
729 70 729 83
729 98 729 111
729 112 729 125
729 126 729 139
729 140 729 153
730 0 730 13
730 42 730 55
730 84 730 97
730 112 730 125
730 126 730 139
731 0 731 13
731 28 731 41
731 70 731 83
731 98 731 111
731 126 731 139
731 140 731 153
732 14 732 27
732 28 732 41
732 56 732 69
732 70 732 83
732 84 732 97
732 126 732 139
733 0 733 13
733 14 733 27
733 28 733 41
733 56 733 69
733 70 733 83
733 84 733 97
733 98 733 111
733 126 733 139
733 140 733 153
734 14 734 27
734 70 734 83
734 84 734 97
734 112 734 125
734 126 734 139
734 140 734 153
735 0 735 13
735 28 735 41
735 56 735 69
735 70 735 83
735 84 735 97
735 98 735 111
735 140 735 153
736 14 736 27
736 28 736 41
736 42 736 55
736 56 736 69
736 84 736 97
736 112 736 125
736 140 736 153
737 42 737 55
737 84 737 97
737 112 737 125
737 140 737 153
738 0 738 13
738 14 738 27
738 70 738 83
738 98 738 111
738 112 738 125
738 140 738 153
739 0 739 13
739 14 739 27
739 70 739 83
739 112 739 125
739 126 739 139
739 140 739 153
740 0 740 13
740 56 740 69
740 70 740 83
740 84 740 97
740 98 740 111
740 112 740 125
741 0 741 13
741 14 741 27
741 56 741 69
741 70 741 83
741 84 741 97
741 112 741 125
742 42 742 55
742 84 742 97
742 98 742 111
742 112 742 125
742 126 742 139
743 0 743 13
743 14 743 27
743 28 743 41
743 56 743 69
743 84 743 97
743 98 743 111
743 126 743 139
743 140 743 153
744 0 744 13
744 28 744 41
744 42 744 55
744 70 744 83
744 98 744 111
744 112 744 125
744 140 744 153
745 0 745 13
745 14 745 27
745 28 745 41
745 56 745 69
745 84 745 97
745 126 745 139
746 14 746 27
746 28 746 41
746 70 746 83
746 140 746 153
747 0 747 13
747 28 747 41
747 42 747 55
747 56 747 69
747 98 747 111
747 140 747 153
748 0 748 13
748 14 748 27
748 28 748 41
748 42 748 55
748 56 748 69
748 70 748 83
748 126 748 139
749 0 749 13
749 14 749 27
749 28 749 41
749 56 749 69
749 70 749 83
749 84 749 97
749 126 749 139
750 14 750 27
750 56 750 69
750 70 750 83
750 126 750 139
750 140 750 153
751 0 751 13
751 14 751 27
751 42 751 55
751 84 751 97
751 98 751 111
751 112 751 125
751 126 751 139
751 140 751 153
752 0 752 13
752 14 752 27
752 28 752 41
752 42 752 55
752 56 752 69
752 70 752 83
752 98 752 111
752 126 752 139
753 0 753 13
753 14 753 27
753 28 753 41
753 42 753 55
753 56 753 69
753 98 753 111
753 126 753 139
754 42 754 55
754 56 754 69
754 84 754 97
754 112 754 125
755 0 755 13
755 14 755 27
755 112 755 125
755 126 755 139
756 14 756 27
756 42 756 55
756 56 756 69
756 140 756 153
757 28 757 41
757 56 757 69
757 70 757 83
757 112 757 125
757 140 757 153
758 28 758 41
758 42 758 55
758 56 758 69
758 70 758 83
758 98 758 111
758 140 758 153
759 14 759 27
759 42 759 55
759 70 759 83
759 98 759 111
759 112 759 125
760 0 760 13
760 14 760 27
760 56 760 69
760 70 760 83
760 84 760 97
760 98 760 111
760 140 760 153
761 42 761 55
761 112 761 125
761 140 761 153
762 28 762 41
762 42 762 55
762 56 762 69
762 70 762 83
762 84 762 97
762 98 762 111
762 112 762 125
762 126 762 139
762 140 762 153
763 0 763 13
763 14 763 27
763 28 763 41
763 84 763 97
763 112 763 125
764 0 764 13
764 28 764 41
764 42 764 55
764 56 764 69
764 84 764 97
764 112 764 125
764 140 764 153
765 0 765 13
765 28 765 41
765 56 765 69
765 70 765 83
765 126 765 139
766 0 766 13
766 28 766 41
766 56 766 69
766 84 766 97
766 98 766 111
766 112 766 125
766 140 766 153
767 0 767 13
767 70 767 83
767 98 767 111
767 126 767 139
767 140 767 153
768 42 768 55
768 70 768 83
768 84 768 97
768 98 768 111
769 14 769 27
769 42 769 55
769 56 769 69
769 84 769 97
769 98 769 111
769 112 769 125
769 126 769 139
769 140 769 153
770 14 770 27
770 28 770 41
770 42 770 55
770 56 770 69
770 98 770 111
770 112 770 125
770 140 770 153
771 14 771 27
771 42 771 55
771 70 771 83
771 84 771 97
771 98 771 111
771 112 771 125
772 0 772 13
772 14 772 27
772 28 772 41
772 56 772 69
772 84 772 97
772 98 772 111
772 112 772 125
773 14 773 27
773 42 773 55
773 70 773 83
773 98 773 111
773 126 773 139
774 0 774 13
774 28 774 41
774 42 774 55
774 70 774 83
774 84 774 97
774 98 774 111
774 126 774 139
774 140 774 153
775 14 775 27
775 28 775 41
775 56 775 69
775 84 775 97
775 98 775 111
775 112 775 125
776 0 776 13
776 14 776 27
776 28 776 41
776 42 776 55
776 56 776 69
776 70 776 83
776 84 776 97
776 126 776 139
776 140 776 153
777 0 777 13
777 56 777 69
777 70 777 83
777 84 777 97
777 126 777 139
778 14 778 27
778 28 778 41
778 42 778 55
778 56 778 69
778 70 778 83
778 84 778 97
778 98 778 111
778 126 778 139
778 140 778 153
779 0 779 13
779 14 779 27
779 42 779 55
779 56 779 69
779 70 779 83
779 84 779 97
779 98 779 111
779 126 779 139
779 140 779 153
780 84 780 97
780 112 780 125
780 126 780 139
780 140 780 153
781 28 781 41
781 56 781 69
781 70 781 83
781 84 781 97
781 98 781 111
781 126 781 139
781 140 781 153
782 0 782 13
782 28 782 41
782 70 782 83
782 98 782 111
782 112 782 125
782 126 782 139
783 28 783 41
783 56 783 69
783 98 783 111
783 112 783 125
783 126 783 139
783 140 783 153
784 14 784 27
784 70 784 83
784 98 784 111
785 0 785 13
785 28 785 41
785 42 785 55
785 56 785 69
785 84 785 97
785 140 785 153
786 0 786 13
786 14 786 27
786 84 786 97
786 112 786 125
786 126 786 139
786 140 786 153
787 56 787 69
787 70 787 83
787 84 787 97
787 112 787 125
787 126 787 139
787 140 787 153
788 28 788 41
788 42 788 55
788 84 788 97
788 112 788 125
789 0 789 13
789 14 789 27
789 56 789 69
789 70 789 83
789 84 789 97
789 98 789 111
789 112 789 125
789 126 789 139
789 140 789 153
790 0 790 13
790 14 790 27
790 28 790 41
790 42 790 55
790 56 790 69
790 70 790 83
790 84 790 97
790 112 790 125
790 126 790 139
791 14 791 27
791 28 791 41
791 42 791 55
791 70 791 83
791 84 791 97
791 98 791 111
791 112 791 125
791 126 791 139
791 140 791 153
792 28 792 41
792 56 792 69
792 84 792 97
792 112 792 125
792 126 792 139
793 14 793 27
793 28 793 41
793 42 793 55
793 56 793 69
793 70 793 83
793 84 793 97
793 112 793 125
793 140 793 153
794 0 794 13
794 14 794 27
794 70 794 83
794 84 794 97
794 126 794 139
794 140 794 153
795 14 795 27
795 98 795 111
795 112 795 125
795 126 795 139
795 140 795 153
796 14 796 27
796 28 796 41
796 42 796 55
796 70 796 83
796 84 796 97
796 126 796 139
796 140 796 153
797 0 797 13
797 42 797 55
797 70 797 83
797 98 797 111
798 28 798 41
798 70 798 83
798 126 798 139
799 14 799 27
799 42 799 55
799 70 799 83
799 112 799 125
799 126 799 139
799 140 799 153
800 0 800 13
800 14 800 27
800 56 800 69
800 84 800 97
800 140 800 153
801 14 801 27
801 28 801 41
801 56 801 69
801 70 801 83
801 98 801 111
801 112 801 125
801 140 801 153
802 0 802 13
802 28 802 41
802 70 802 83
802 84 802 97
802 126 802 139
802 140 802 153
803 14 803 27
803 28 803 41
803 56 803 69
803 70 803 83
803 84 803 97
803 126 803 139
804 0 804 13
804 28 804 41
804 42 804 55
804 56 804 69
804 140 804 153
805 0 805 13
805 70 805 83
805 84 805 97
805 126 805 139
805 140 805 153
806 14 806 27
806 28 806 41
806 42 806 55
806 70 806 83
806 112 806 125
806 140 806 153
807 0 807 13
807 14 807 27
807 42 807 55
807 70 807 83
807 84 807 97
808 14 808 27
808 56 808 69
808 112 808 125
808 140 808 153
809 28 809 41
809 42 809 55
809 56 809 69
809 70 809 83
809 84 809 97
809 98 809 111
809 112 809 125
809 126 809 139
809 140 809 153
810 28 810 41
810 42 810 55
810 56 810 69
810 84 810 97
810 140 810 153
811 0 811 13
811 14 811 27
811 28 811 41
811 84 811 97
811 98 811 111
812 14 812 27
812 28 812 41
812 42 812 55
812 70 812 83
812 84 812 97
813 28 813 41
813 56 813 69
813 84 813 97
813 98 813 111
813 112 813 125
813 126 813 139
814 0 814 13
814 14 814 27
814 28 814 41
814 42 814 55
814 84 814 97
814 112 814 125
814 126 814 139
815 0 815 13
815 14 815 27
815 42 815 55
815 70 815 83
815 98 815 111
815 112 815 125
815 126 815 139
816 14 816 27
816 140 816 153
817 56 817 69
817 70 817 83
817 84 817 97
818 14 818 27
818 56 818 69
818 84 818 97
818 98 818 111
818 126 818 139
818 140 818 153
819 14 819 27
819 42 819 55
819 70 819 83
819 98 819 111
819 112 819 125
819 126 819 139
820 0 820 13
820 14 820 27
820 28 820 41
820 70 820 83
820 84 820 97
820 98 820 111
820 112 820 125
821 0 821 13
821 14 821 27
821 28 821 41
821 42 821 55
821 56 821 69
821 70 821 83
821 112 821 125
821 126 821 139
821 140 821 153
822 28 822 41
822 42 822 55
822 56 822 69
822 70 822 83
822 98 822 111
822 126 822 139
823 14 823 27
823 28 823 41
823 42 823 55
823 70 823 83
823 112 823 125
823 126 823 139
823 140 823 153
824 0 824 13
824 14 824 27
824 28 824 41
824 56 824 69
824 70 824 83
824 84 824 97
824 98 824 111
824 112 824 125
824 126 824 139
824 140 824 153
825 0 825 13
825 28 825 41
825 42 825 55
825 56 825 69
825 70 825 83
825 84 825 97
825 140 825 153
826 14 826 27
826 28 826 41
826 42 826 55
826 56 826 69
826 98 826 111
826 140 826 153
827 0 827 13
827 14 827 27
827 42 827 55
827 70 827 83
827 84 827 97
827 98 827 111
827 112 827 125
827 126 827 139
827 140 827 153
828 0 828 13
828 28 828 41
828 56 828 69
828 98 828 111
828 112 828 125
828 126 828 139
829 0 829 13
829 56 829 69
829 84 829 97
829 98 829 111
829 112 829 125
829 140 829 153
830 14 830 27
830 28 830 41
830 70 830 83
830 112 830 125
830 126 830 139
830 140 830 153
831 0 831 13
831 14 831 27
831 42 831 55
831 56 831 69
831 70 831 83
831 84 831 97
831 112 831 125
831 140 831 153
832 14 832 27
832 56 832 69
832 70 832 83
832 112 832 125
832 126 832 139
832 140 832 153
833 0 833 13
833 14 833 27
833 28 833 41
833 56 833 69
833 84 833 97
833 98 833 111
833 126 833 139
833 140 833 153
834 14 834 27
834 28 834 41
834 84 834 97
834 98 834 111
834 112 834 125
834 126 834 139
834 140 834 153
835 0 835 13
835 28 835 41
835 42 835 55
835 56 835 69
835 70 835 83
835 84 835 97
835 112 835 125
835 140 835 153
836 0 836 13
836 14 836 27
836 28 836 41
836 42 836 55
836 70 836 83
836 98 836 111
836 126 836 139
836 140 836 153
837 0 837 13
837 14 837 27
837 28 837 41
837 56 837 69
837 98 837 111
837 112 837 125
837 126 837 139
838 0 838 13
838 56 838 69
838 70 838 83
838 112 838 125
838 140 838 153
839 14 839 27
839 28 839 41
839 42 839 55
839 56 839 69
839 70 839 83
839 84 839 97
840 0 840 13
840 14 840 27
840 28 840 41
840 42 840 55
840 56 840 69
840 112 840 125
840 140 840 153
841 14 841 27
841 42 841 55
841 56 841 69
841 84 841 97
841 112 841 125
841 140 841 153
842 0 842 13
842 42 842 55
842 56 842 69
842 70 842 83
842 84 842 97
843 14 843 27
843 28 843 41
843 42 843 55
843 56 843 69
843 84 843 97
843 98 843 111
843 112 843 125
843 140 843 153
844 0 844 13
844 14 844 27
844 28 844 41
844 42 844 55
844 56 844 69
844 70 844 83
844 84 844 97
844 112 844 125
844 126 844 139
844 140 844 153
845 42 845 55
845 126 845 139
846 0 846 13
846 28 846 41
846 56 846 69
846 112 846 125
846 126 846 139
846 140 846 153
847 0 847 13
847 14 847 27
847 56 847 69
847 70 847 83
847 84 847 97
847 98 847 111
847 112 847 125
847 140 847 153
848 14 848 27
848 56 848 69
848 70 848 83
848 112 848 125
848 140 848 153
849 14 849 27
849 56 849 69
849 70 849 83
849 126 849 139
850 0 850 13
850 14 850 27
850 42 850 55
850 126 850 139
851 42 851 55
851 56 851 69
851 84 851 97
851 126 851 139
851 140 851 153
852 42 852 55
852 56 852 69
852 84 852 97
852 98 852 111
852 126 852 139
852 140 852 153
853 14 853 27
853 28 853 41
853 42 853 55
853 56 853 69
853 98 853 111
854 0 854 13
854 28 854 41
854 42 854 55
854 70 854 83
854 98 854 111
854 112 854 125
855 28 855 41
855 42 855 55
855 84 855 97
855 98 855 111
855 112 855 125
855 140 855 153
856 0 856 13
856 28 856 41
856 42 856 55
856 56 856 69
856 70 856 83
856 84 856 97
856 112 856 125
857 0 857 13
857 14 857 27
857 84 857 97
857 112 857 125
857 126 857 139
858 0 858 13
858 28 858 41
858 42 858 55
858 70 858 83
858 98 858 111
858 112 858 125
858 140 858 153
859 0 859 13
859 14 859 27
859 28 859 41
859 70 859 83
859 84 859 97
859 112 859 125
859 126 859 139
859 140 859 153
860 14 860 27
860 28 860 41
860 42 860 55
860 70 860 83
860 98 860 111
860 112 860 125
860 140 860 153
861 14 861 27
861 28 861 41
861 42 861 55
861 56 861 69
861 70 861 83
861 98 861 111
861 140 861 153
862 0 862 13
862 28 862 41
862 56 862 69
862 98 862 111
862 112 862 125
862 126 862 139
862 140 862 153
863 0 863 13
863 14 863 27
863 28 863 41
863 42 863 55
863 70 863 83
863 84 863 97
863 98 863 111
863 112 863 125
863 140 863 153
864 0 864 13
864 14 864 27
864 56 864 69
864 84 864 97
864 126 864 139
865 42 865 55
865 84 865 97
865 112 865 125
865 126 865 139
865 140 865 153
866 0 866 13
866 14 866 27
866 28 866 41
866 42 866 55
866 98 866 111
866 126 866 139
866 140 866 153
867 0 867 13
867 14 867 27
867 42 867 55
867 84 867 97
867 112 867 125
867 126 867 139
867 140 867 153
868 0 868 13
868 42 868 55
868 112 868 125
868 140 868 153
869 0 869 13
869 28 869 41
869 42 869 55
869 70 869 83
869 98 869 111
869 112 869 125
869 140 869 153
870 0 870 13
870 14 870 27
870 70 870 83
870 84 870 97
870 98 870 111
870 126 870 139
871 0 871 13
871 28 871 41
871 56 871 69
871 84 871 97
871 98 871 111
871 126 871 139
872 0 872 13
872 14 872 27
872 42 872 55
872 56 872 69
872 70 872 83
872 84 872 97
872 98 872 111
872 112 872 125
872 126 872 139
872 140 872 153
873 28 873 41
873 70 873 83
873 84 873 97
873 98 873 111
873 126 873 139
873 140 873 153
874 0 874 13
874 14 874 27
874 28 874 41
874 56 874 69
874 70 874 83
874 84 874 97
874 98 874 111
874 112 874 125
874 140 874 153
875 0 875 13
875 56 875 69
875 70 875 83
875 84 875 97
875 112 875 125
875 126 875 139
875 140 875 153
876 0 876 13
876 70 876 83
876 112 876 125
877 0 877 13
877 14 877 27
877 28 877 41
877 70 877 83
877 84 877 97
877 98 877 111
877 126 877 139
877 140 877 153
878 28 878 41
878 42 878 55
878 98 878 111
878 112 878 125
878 126 878 139
878 140 878 153
879 0 879 13
879 42 879 55
879 56 879 69
879 84 879 97
879 98 879 111
879 112 879 125
879 140 879 153
880 0 880 13
880 14 880 27
880 42 880 55
880 98 880 111
880 112 880 125
880 126 880 139
880 140 880 153
881 0 881 13
881 14 881 27
881 28 881 41
881 56 881 69
881 70 881 83
881 84 881 97
881 98 881 111
881 112 881 125
881 140 881 153
882 0 882 13
882 14 882 27
882 28 882 41
882 56 882 69
882 70 882 83
882 84 882 97
882 112 882 125
882 126 882 139
883 0 883 13
883 14 883 27
883 28 883 41
883 42 883 55
883 56 883 69
883 70 883 83
883 112 883 125
883 140 883 153
884 0 884 13
884 14 884 27
884 42 884 55
884 70 884 83
884 98 884 111
884 112 884 125
884 126 884 139
885 0 885 13
885 56 885 69
885 70 885 83
885 98 885 111
885 112 885 125
885 126 885 139
885 140 885 153
886 0 886 13
886 42 886 55
886 98 886 111
887 56 887 69
887 70 887 83
887 84 887 97
887 98 887 111
887 112 887 125
887 126 887 139
888 14 888 27
888 28 888 41
888 42 888 55
888 56 888 69
888 70 888 83
888 84 888 97
888 98 888 111
888 112 888 125
888 126 888 139
888 140 888 153
889 0 889 13
889 42 889 55
889 84 889 97
889 98 889 111
889 126 889 139
889 140 889 153
890 14 890 27
890 70 890 83
890 98 890 111
890 112 890 125
890 140 890 153
891 0 891 13
891 14 891 27
891 42 891 55
891 56 891 69
891 70 891 83
891 112 891 125
891 140 891 153
892 0 892 13
892 14 892 27
892 56 892 69
892 84 892 97
892 98 892 111
892 112 892 125
892 126 892 139
893 0 893 13
893 14 893 27
893 42 893 55
893 84 893 97
893 140 893 153
894 0 894 13
894 42 894 55
894 70 894 83
894 84 894 97
894 98 894 111
894 112 894 125
895 0 895 13
895 28 895 41
895 42 895 55
895 56 895 69
895 70 895 83
895 84 895 97
895 112 895 125
895 126 895 139
896 0 896 13
896 28 896 41
896 42 896 55
896 56 896 69
896 70 896 83
896 112 896 125
896 140 896 153
897 28 897 41
897 42 897 55
897 56 897 69
897 70 897 83
897 126 897 139
897 140 897 153
898 0 898 13
898 14 898 27
898 28 898 41
898 42 898 55
898 84 898 97
898 98 898 111
899 0 899 13
899 56 899 69
899 70 899 83
899 98 899 111
899 112 899 125
899 126 899 139
899 140 899 153
900 14 900 27
900 28 900 41
900 56 900 69
900 84 900 97
900 112 900 125
900 140 900 153
901 14 901 27
901 28 901 41
901 56 901 69
901 98 901 111
901 112 901 125
902 14 902 27
902 42 902 55
902 70 902 83
902 84 902 97
902 112 902 125
902 126 902 139
903 14 903 27
903 42 903 55
903 56 903 69
903 112 903 125
903 140 903 153
904 14 904 27
904 42 904 55
904 84 904 97
904 98 904 111
904 140 904 153
905 0 905 13
905 28 905 41
905 42 905 55
905 56 905 69
905 70 905 83
905 84 905 97
905 112 905 125
906 0 906 13
906 14 906 27
906 42 906 55
906 56 906 69
906 70 906 83
906 98 906 111
906 112 906 125
906 126 906 139
907 0 907 13
907 28 907 41
907 42 907 55
907 70 907 83
907 84 907 97
907 98 907 111
907 140 907 153
908 14 908 27
908 28 908 41
908 70 908 83
908 84 908 97
908 126 908 139
908 140 908 153
909 0 909 13
909 28 909 41
909 42 909 55
909 70 909 83
909 98 909 111
909 112 909 125
909 126 909 139
909 140 909 153
910 42 910 55
910 56 910 69
910 84 910 97
910 126 910 139
911 14 911 27
911 28 911 41
911 56 911 69
911 84 911 97
911 112 911 125
911 126 911 139
912 14 912 27
912 42 912 55
912 56 912 69
912 98 912 111
912 140 912 153
913 0 913 13
913 14 913 27
913 42 913 55
913 70 913 83
913 126 913 139
914 0 914 13
914 14 914 27
914 28 914 41
914 42 914 55
914 56 914 69
914 70 914 83
914 84 914 97
914 112 914 125
914 126 914 139
915 0 915 13
915 28 915 41
915 42 915 55
915 56 915 69
915 70 915 83
915 84 915 97
915 98 915 111
915 112 915 125
915 126 915 139
915 140 915 153
916 0 916 13
916 70 916 83
916 84 916 97
916 112 916 125
916 126 916 139
917 14 917 27
917 42 917 55
917 56 917 69
917 84 917 97
917 126 917 139
918 14 918 27
918 84 918 97
918 112 918 125
918 126 918 139
918 140 918 153
919 0 919 13
919 28 919 41
919 42 919 55
919 70 919 83
919 84 919 97
919 112 919 125
919 126 919 139
919 140 919 153
920 14 920 27
920 84 920 97
920 112 920 125
920 126 920 139
920 140 920 153
921 0 921 13
921 14 921 27
921 42 921 55
921 70 921 83
921 84 921 97
921 140 921 153
922 0 922 13
922 14 922 27
922 28 922 41
922 42 922 55
922 56 922 69
922 84 922 97
922 98 922 111
922 112 922 125
922 140 922 153
923 56 923 69
923 84 923 97
923 98 923 111
923 112 923 125
924 70 924 83
924 84 924 97
924 126 924 139
925 0 925 13
925 42 925 55
925 84 925 97
925 98 925 111
925 112 925 125
925 126 925 139
926 0 926 13
926 14 926 27
926 42 926 55
926 84 926 97
926 98 926 111
926 126 926 139
927 14 927 27
927 56 927 69
927 70 927 83
927 84 927 97
927 98 927 111
927 112 927 125
928 0 928 13
928 14 928 27
928 28 928 41
928 42 928 55
928 84 928 97
928 98 928 111
928 112 928 125
928 126 928 139
929 28 929 41
929 56 929 69
929 70 929 83
929 98 929 111
929 112 929 125
929 140 929 153
930 56 930 69
930 84 930 97
930 140 930 153
931 0 931 13
931 14 931 27
931 42 931 55
931 56 931 69
931 98 931 111
931 140 931 153
932 14 932 27
932 28 932 41
932 42 932 55
932 112 932 125
932 126 932 139
933 0 933 13
933 28 933 41
933 42 933 55
933 56 933 69
933 70 933 83
933 98 933 111
933 112 933 125
933 140 933 153
934 0 934 13
934 14 934 27
934 42 934 55
934 56 934 69
934 70 934 83
934 84 934 97
934 112 934 125
935 70 935 83
935 84 935 97
935 98 935 111
935 112 935 125
935 140 935 153
936 0 936 13
936 14 936 27
936 28 936 41
936 42 936 55
936 70 936 83
936 84 936 97
936 98 936 111
936 140 936 153
937 28 937 41
937 42 937 55
937 56 937 69
937 70 937 83
937 84 937 97
937 140 937 153
938 0 938 13
938 28 938 41
938 56 938 69
938 70 938 83
938 84 938 97
939 56 939 69
939 70 939 83
939 84 939 97
939 98 939 111
939 112 939 125
939 126 939 139
939 140 939 153
940 0 940 13
940 70 940 83
940 84 940 97
940 98 940 111
940 112 940 125
940 126 940 139
940 140 940 153
941 0 941 13
941 28 941 41
941 84 941 97
941 140 941 153
942 0 942 13
942 14 942 27
942 42 942 55
942 70 942 83
942 84 942 97
942 98 942 111
942 112 942 125
942 126 942 139
942 140 942 153
943 14 943 27
943 28 943 41
943 42 943 55
943 56 943 69
943 84 943 97
943 98 943 111
943 112 943 125
943 126 943 139
943 140 943 153
944 42 944 55
944 56 944 69
944 112 944 125
944 140 944 153
945 0 945 13
945 14 945 27
945 28 945 41
945 42 945 55
945 56 945 69
945 70 945 83
945 84 945 97
945 112 945 125
945 140 945 153
946 14 946 27
946 28 946 41
946 70 946 83
946 84 946 97
946 98 946 111
946 112 946 125
946 140 946 153
947 42 947 55
947 70 947 83
947 84 947 97
947 98 947 111
947 112 947 125
947 126 947 139
948 0 948 13
948 126 948 139
948 140 948 153
949 14 949 27
949 28 949 41
949 42 949 55
949 112 949 125
949 126 949 139
949 140 949 153
950 14 950 27
950 70 950 83
950 84 950 97
950 98 950 111
950 126 950 139
951 56 951 69
951 70 951 83
951 98 951 111
951 126 951 139
951 140 951 153
952 14 952 27
952 28 952 41
952 56 952 69
952 70 952 83
952 84 952 97
952 98 952 111
952 126 952 139
953 0 953 13
953 28 953 41
953 42 953 55
953 56 953 69
953 70 953 83
953 112 953 125
953 126 953 139
953 140 953 153
954 0 954 13
954 14 954 27
954 28 954 41
954 56 954 69
954 70 954 83
954 98 954 111
954 112 954 125
954 126 954 139
955 42 955 55
955 70 955 83
955 84 955 97
955 98 955 111
955 112 955 125
955 126 955 139
955 140 955 153
956 0 956 13
956 14 956 27
956 28 956 41
956 42 956 55
956 56 956 69
956 70 956 83
956 84 956 97
956 98 956 111
956 140 956 153
957 14 957 27
957 28 957 41
957 42 957 55
957 84 957 97
957 98 957 111
957 140 957 153
958 0 958 13
958 28 958 41
958 42 958 55
958 56 958 69
958 70 958 83
958 84 958 97
958 98 958 111
958 126 958 139
958 140 958 153
959 14 959 27
959 28 959 41
959 56 959 69
959 70 959 83
959 84 959 97
959 112 959 125
959 126 959 139
959 140 959 153
960 14 960 27
960 42 960 55
960 56 960 69
960 70 960 83
960 84 960 97
960 98 960 111
961 0 961 13
961 14 961 27
961 28 961 41
961 56 961 69
961 70 961 83
961 98 961 111
961 112 961 125
961 140 961 153
962 14 962 27
962 56 962 69
962 70 962 83
962 98 962 111
963 14 963 27
963 28 963 41
963 42 963 55
963 56 963 69
963 84 963 97
963 98 963 111
963 112 963 125
963 126 963 139
963 140 963 153
964 0 964 13
964 14 964 27
964 28 964 41
964 70 964 83
964 84 964 97
964 98 964 111
964 112 964 125
964 140 964 153
965 14 965 27
965 28 965 41
965 70 965 83
965 84 965 97
965 126 965 139
966 0 966 13
966 14 966 27
966 70 966 83
966 84 966 97
966 98 966 111
966 112 966 125
966 126 966 139
966 140 966 153
967 0 967 13
967 28 967 41
967 42 967 55
967 56 967 69
967 112 967 125
967 126 967 139
967 140 967 153
968 0 968 13
968 28 968 41
968 56 968 69
968 98 968 111
969 14 969 27
969 42 969 55
969 56 969 69
969 126 969 139
969 140 969 153
970 0 970 13
970 14 970 27
970 42 970 55
970 56 970 69
970 70 970 83
970 98 970 111
970 112 970 125
970 140 970 153
971 0 971 13
971 14 971 27
971 28 971 41
971 56 971 69
971 70 971 83
971 126 971 139
972 0 972 13
972 28 972 41
972 84 972 97
972 112 972 125
973 0 973 13
973 14 973 27
973 42 973 55
973 70 973 83
973 84 973 97
973 112 973 125
974 0 974 13
974 42 974 55
974 70 974 83
974 84 974 97
974 112 974 125
974 126 974 139
974 140 974 153
975 0 975 13
975 14 975 27
975 42 975 55
975 56 975 69
975 98 975 111
976 14 976 27
976 56 976 69
976 70 976 83
976 98 976 111
976 126 976 139
976 140 976 153
977 0 977 13
977 14 977 27
977 42 977 55
977 84 977 97
977 98 977 111
978 14 978 27
978 28 978 41
978 42 978 55
978 56 978 69
978 70 978 83
978 84 978 97
978 98 978 111
979 14 979 27
979 28 979 41
979 42 979 55
979 56 979 69
979 126 979 139
979 140 979 153
980 14 980 27
980 42 980 55
980 70 980 83
980 98 980 111
981 0 981 13
981 28 981 41
981 42 981 55
981 70 981 83
981 112 981 125
981 126 981 139
981 140 981 153
982 28 982 41
982 56 982 69
982 70 982 83
982 98 982 111
982 112 982 125
982 126 982 139
982 140 982 153
983 0 983 13
983 28 983 41
983 42 983 55
983 56 983 69
983 70 983 83
983 126 983 139
983 140 983 153
984 14 984 27
984 42 984 55
984 56 984 69
984 70 984 83
984 84 984 97
984 112 984 125
984 140 984 153
985 28 985 41
985 42 985 55
985 56 985 69
985 70 985 83
985 84 985 97
985 112 985 125
985 126 985 139
986 14 986 27
986 28 986 41
986 42 986 55
986 98 986 111
986 112 986 125
986 126 986 139
986 140 986 153
987 0 987 13
987 14 987 27
987 56 987 69
987 98 987 111
987 112 987 125
987 126 987 139
988 0 988 13
988 14 988 27
988 70 988 83
988 98 988 111
988 112 988 125
988 126 988 139
989 42 989 55
989 98 989 111
989 112 989 125
989 140 989 153
990 14 990 27
990 28 990 41
990 42 990 55
990 56 990 69
990 70 990 83
990 98 990 111
990 126 990 139
990 140 990 153
991 14 991 27
991 28 991 41
991 42 991 55
991 70 991 83
991 84 991 97
991 98 991 111
991 112 991 125
991 126 991 139
991 140 991 153
992 0 992 13
992 28 992 41
992 56 992 69
992 70 992 83
992 84 992 97
992 126 992 139
992 140 992 153
993 42 993 55
993 70 993 83
993 84 993 97
993 112 993 125
993 126 993 139
993 140 993 153
994 14 994 27
994 56 994 69
994 70 994 83
994 112 994 125
994 140 994 153
995 0 995 13
995 14 995 27
995 56 995 69
995 84 995 97
995 98 995 111
995 112 995 125
995 126 995 139
995 140 995 153
996 0 996 13
996 14 996 27
996 28 996 41
996 98 996 111
996 112 996 125
996 126 996 139
996 140 996 153
997 0 997 13
997 14 997 27
997 28 997 41
997 56 997 69
997 70 997 83
997 84 997 97
997 98 997 111
997 112 997 125
997 126 997 139
997 140 997 153
998 14 998 27
998 70 998 83
998 84 998 97
998 98 998 111
998 112 998 125
998 126 998 139
998 140 998 153
999 14 999 27
999 28 999 41
999 42 999 55
999 70 999 83
999 84 999 97
